#
# A fatal error has been detected by the Java Runtime Environment:
#
#  SIGSEGV (0xb) at pc=0x00000001040fce74, pid=30757, tid=27395
#
# JRE version: Java(TM) SE Runtime Environment (21.0.1+12) (build 21.0.1+12-LTS-29)
# Java VM: Java HotSpot(TM) 64-Bit Server VM (21.0.1+12-LTS-29, mixed mode, emulated-client, sharing, tiered, compressed oops, compressed class ptrs, g1 gc, bsd-aarch64)
# Problematic frame:
# V  [libjvm.dylib+0x418e74]  G1ParScanThreadState::copy_to_survivor_space(G1HeapRegionAttr, oopDesc*, markWord)+0x1b0
#
# No core dump will be written. Core dumps have been disabled. To enable core dumping, try "ulimit -c unlimited" before starting Java again
#
# If you would like to submit a bug report, please visit:
#   https://bugreport.java.com/bugreport/crash.jsp
#

---------------  S U M M A R Y ------------

Command Line: -XX:+ShowCodeDetailsInExceptionMessages -agentlib:jdwp=transport=dt_socket,suspend=y,address=localhost:52967 -Dcom.sun.management.jmxremote -Dcom.sun.management.jmxremote.port=52966 -Dcom.sun.management.jmxremote.authenticate=false -Dcom.sun.management.jmxremote.ssl=false -Djava.rmi.server.hostname=localhost -Dspring.jmx.enabled=true -Dmanagement.endpoints.jmx.exposure.include=* -Dspring.application.admin.enabled=true -Djava.security.egd=file:/dev/./urandom -XX:TieredStopAtLevel=1 -Dspring.boot.project.name=payments -javaagent:/Applications/SpringToolSuite4.app/Contents/Eclipse/configuration/org.eclipse.osgi/255/0/.cp/lib/javaagent-shaded.jar -Dfile.encoding=UTF-8 -Dstdout.encoding=UTF-8 -Dstderr.encoding=UTF-8 com.cheetah.payments.paypal.PaymentsWithPaypalApplication --spring.output.ansi.enabled=always

Host: "MacBookPro18,2" arm64, 10 cores, 64G, Darwin 22.5.0, macOS 13.4.1 (22F82)
Time: Sun Dec  3 18:23:42 2023 CET elapsed time: 101652.826642 seconds (1d 4h 14m 12s)

---------------  T H R E A D  ---------------

Current thread (0x000000012e81a1a0):  WorkerThread "GC Thread#1"    [id=27395, stack(0x0000000170794000,0x0000000170997000) (2060K)]

Stack: [0x0000000170794000,0x0000000170997000],  sp=0x00000001709961d0,  free space=2056k
Native frames: (J=compiled Java code, j=interpreted, Vv=VM code, C=native code)
V  [libjvm.dylib+0x418e74]  G1ParScanThreadState::copy_to_survivor_space(G1HeapRegionAttr, oopDesc*, markWord)+0x1b0
V  [libjvm.dylib+0x4332d0]  void G1ParCopyClosure<(G1Barrier)0, true>::do_oop_work<oopDesc*>(oopDesc**)+0xd0
V  [libjvm.dylib+0x3bcd50]  void SignatureIterator::do_parameters_on<InterpretedArgumentOopFinder>(InterpretedArgumentOopFinder*)+0xfc
V  [libjvm.dylib+0x3bc1f8]  frame::oops_interpreted_do(OopClosure*, RegisterMap const*, bool) const+0x2c0
V  [libjvm.dylib+0x4e9cd0]  JavaThread::oops_do_frames(OopClosure*, CodeBlobClosure*)+0x12c
V  [libjvm.dylib+0x9a4960]  Thread::oops_do(OopClosure*, CodeBlobClosure*)+0x80
V  [libjvm.dylib+0x9b01cc]  Threads::possibly_parallel_threads_do(bool, ThreadClosure*)+0x98
V  [libjvm.dylib+0x9b1b1c]  Threads::possibly_parallel_oops_do(bool, OopClosure*, CodeBlobClosure*)+0x24
V  [libjvm.dylib+0x4345b4]  G1RootProcessor::process_java_roots(G1RootClosures*, G1GCPhaseTimes*, unsigned int)+0x7c
V  [libjvm.dylib+0x4344b0]  G1RootProcessor::evacuate_roots(G1ParScanThreadState*, unsigned int)+0x68
V  [libjvm.dylib+0x43c364]  G1EvacuateRegionsTask::scan_roots(G1ParScanThreadState*, unsigned int)+0x24
V  [libjvm.dylib+0x43c250]  G1EvacuateRegionsBaseTask::work(unsigned int)+0x80
V  [libjvm.dylib+0xa5bf6c]  WorkerThread::run()+0x94
V  [libjvm.dylib+0x9a4544]  Thread::call_run()+0xc8
V  [libjvm.dylib+0x84fbcc]  thread_native_entry(Thread*)+0x158
C  [libsystem_pthread.dylib+0x6fa8]  _pthread_start+0x94
JavaThread 0x000000014800f600 (nid = 34839) was being processed
Java frames: (J=compiled Java code, j=interpreted, Vv=VM code)
j  java.lang.invoke.DirectMethodHandle$Holder.newInvokeSpecial(Ljava/lang/Object;)Ljava/lang/Object;+15 java.base@21.0.1
J 5122 c1 jdk.internal.reflect.DirectConstructorHandleAccessor.newInstance([Ljava/lang/Object;)Ljava/lang/Object; java.base@21.0.1 (130 bytes) @ 0x000000010dc4191c [0x000000010dc41600+0x000000000000031c]
J 879 c1 java.lang.reflect.Constructor.newInstanceWithCaller([Ljava/lang/Object;ZLjava/lang/Class;)Ljava/lang/Object; java.base@21.0.1 (51 bytes) @ 0x000000010d40f2dc [0x000000010d40f1c0+0x000000000000011c]
J 3476 c1 org.springframework.beans.BeanUtils.instantiateClass(Ljava/lang/reflect/Constructor;[Ljava/lang/Object;)Ljava/lang/Object; (208 bytes) @ 0x000000010d9a1430 [0x000000010d9a0f00+0x0000000000000530]
J 7125 c1 org.springframework.beans.factory.support.SimpleInstantiationStrategy.instantiate(Lorg/springframework/beans/factory/support/RootBeanDefinition;Ljava/lang/String;Lorg/springframework/beans/factory/BeanFactory;)Ljava/lang/Object; (123 bytes) @ 0x000000010de7dbd4 [0x000000010de7d740+0x0000000000000494]
J 7124 c1 org.springframework.beans.factory.support.AbstractAutowireCapableBeanFactory.instantiateBean(Ljava/lang/String;Lorg/springframework/beans/factory/support/RootBeanDefinition;)Lorg/springframework/beans/BeanWrapper; (51 bytes) @ 0x000000010de7cb94 [0x000000010de7cac0+0x00000000000000d4]
J 5359 c1 org.springframework.beans.factory.support.AbstractAutowireCapableBeanFactory.createBeanInstance(Ljava/lang/String;Lorg/springframework/beans/factory/support/RootBeanDefinition;[Ljava/lang/Object;)Lorg/springframework/beans/BeanWrapper; (241 bytes) @ 0x000000010dca8d74 [0x000000010dca87c0+0x00000000000005b4]
J 7050 c1 org.springframework.beans.factory.support.AbstractAutowireCapableBeanFactory.doCreateBean(Ljava/lang/String;Lorg/springframework/beans/factory/support/RootBeanDefinition;[Ljava/lang/Object;)Ljava/lang/Object; (469 bytes) @ 0x000000010de52e24 [0x000000010de52c80+0x00000000000001a4]
J 5356 c1 org.springframework.beans.factory.support.AbstractAutowireCapableBeanFactory.createBean(Ljava/lang/String;Lorg/springframework/beans/factory/support/RootBeanDefinition;[Ljava/lang/Object;)Ljava/lang/Object; (214 bytes) @ 0x000000010dca68f0 [0x000000010dca6440+0x00000000000004b0]
J 5363 c1 org.springframework.beans.factory.support.AbstractBeanFactory$$Lambda+0x0000008801275790.getObject()Ljava/lang/Object; (20 bytes) @ 0x000000010dca7d48 [0x000000010dca7c80+0x00000000000000c8]
J 5362 c1 org.springframework.beans.factory.support.DefaultSingletonBeanRegistry.getSingleton(Ljava/lang/String;Lorg/springframework/beans/factory/ObjectFactory;)Ljava/lang/Object; (279 bytes) @ 0x000000010dcaaddc [0x000000010dcaaac0+0x000000000000031c]
J 5997 c1 org.springframework.beans.factory.support.AbstractBeanFactory.doGetBean(Ljava/lang/String;Ljava/lang/Class;[Ljava/lang/Object;Z)Ljava/lang/Object; (740 bytes) @ 0x000000010d4e98e8 [0x000000010d4e92c0+0x0000000000000628]
J 5202 c1 org.springframework.beans.factory.support.AbstractBeanFactory.getBean(Ljava/lang/String;)Ljava/lang/Object; (9 bytes) @ 0x000000010dc61e20 [0x000000010dc61d80+0x00000000000000a0]
j  org.springframework.beans.factory.support.DefaultListableBeanFactory.preInstantiateSingletons()V+152
j  org.springframework.context.support.AbstractApplicationContext.finishBeanFactoryInitialization(Lorg/springframework/beans/factory/config/ConfigurableListableBeanFactory;)V+130
j  org.springframework.context.support.AbstractApplicationContext.refresh()V+86
j  org.springframework.boot.web.servlet.context.ServletWebServerApplicationContext.refresh()V+1
j  org.springframework.boot.SpringApplication.refresh(Lorg/springframework/context/ConfigurableApplicationContext;)V+1
j  org.springframework.boot.SpringApplication.refreshContext(Lorg/springframework/context/ConfigurableApplicationContext;)V+16
j  org.springframework.boot.SpringApplication.run([Ljava/lang/String;)Lorg/springframework/context/ConfigurableApplicationContext;+110
j  org.springframework.boot.SpringApplication.run([Ljava/lang/Class;[Ljava/lang/String;)Lorg/springframework/context/ConfigurableApplicationContext;+9
j  org.springframework.boot.SpringApplication.run(Ljava/lang/Class;[Ljava/lang/String;)Lorg/springframework/context/ConfigurableApplicationContext;+9
j  com.cheetah.payments.paypal.PaymentsWithPaypalApplication.main([Ljava/lang/String;)V+3
j  java.lang.invoke.LambdaForm$DMH+0x0000008801004c00.invokeStatic(Ljava/lang/Object;Ljava/lang/Object;)V+10 java.base@21.0.1
j  java.lang.invoke.LambdaForm$MH+0x0000008801789000.invoke(Ljava/lang/Object;Ljava/lang/Object;Ljava/lang/Object;)Ljava/lang/Object;+33 java.base@21.0.1
J 4898 c1 jdk.internal.reflect.DirectMethodHandleAccessor.invoke(Ljava/lang/Object;[Ljava/lang/Object;)Ljava/lang/Object; java.base@21.0.1 (92 bytes) @ 0x000000010dbdcc68 [0x000000010dbdc8c0+0x00000000000003a8]
J 5020 c1 java.lang.reflect.Method.invoke(Ljava/lang/Object;[Ljava/lang/Object;)Ljava/lang/Object; java.base@21.0.1 (108 bytes) @ 0x000000010dc1367c [0x000000010dc13480+0x00000000000001fc]
j  org.springframework.boot.devtools.restart.RestartLauncher.run()V+47
v  ~StubRoutines::call_stub 0x000000010d120140

siginfo: si_signo: 11 (SIGSEGV), si_code: 2 (SEGV_ACCERR), si_addr: 0x000000094e030b20

Registers:
 x0=0x0000000172431090  x1=0x0000000000000000  x2=0x0000000172431090  x3=0x0000000172431090
 x4=0x0000000000000000  x5=0x0000000170996430  x6=0x0000000000000001  x7=0x000000016e3a68d8
 x8=0x0000000000000000  x9=0x000000014e033400 x10=0x000001fffffffae4 x11=0x0000000000000017
x12=0x00000001047eef90 x13=0x00000001045dd318 x14=0x0000000000000029 x15=0x00000000800bd2b4
x16=0x00000001a5ff01a0 x17=0x0000600001e16eb0 x18=0x0000000000000000 x19=0x000000014d67c890
x20=0x0000000172431090 x21=0x000000880073b477 x22=0x0000000000000000 x23=0x0000000000000002
x24=0x0000008800550d20 x25=0x000000000e769100 x26=0x0000000172431090 x27=0x0000000000000003
x28=0x000000012e80bab0  fp=0x0000000170996230  lr=0x00000001040fcdc0  sp=0x00000001709961d0
pc=0x00000001040fce74 cpsr=0x0000000080001000

Register to memory mapping:

x0 =0x0000000172431090 is pointing into the stack for thread: 0x000000014800f600
x1 =0x0 is null
x2 =0x0000000172431090 is pointing into the stack for thread: 0x000000014800f600
x3 =0x0000000172431090 is pointing into the stack for thread: 0x000000014800f600
x4 =0x0 is null
x5 =0x0000000170996430 points into unknown readable memory: 0x000000010d43e410 | 10 e4 43 0d 01 00 00 00
x6 =0x0000000000000001 is an unknown value
x7 =0x000000016e3a68d8 points into unknown readable memory: 0x0000600001080b00 | 00 0b 08 01 00 60 00 00
x8 =0x0 is null
x9 =0x000000014e033400 points into unknown readable memory: 0x0000600001e39440 | 40 94 e3 01 00 60 00 00
x10=0x000001fffffffae4 is an unknown value
x11=0x0000000000000017 is an unknown value
x12=0x00000001047eef90: _ZZL25c_calling_convention_privPK9BasicTypeP9VMRegPairS3_iE9FP_ArgReg+0x1c4 in /opt/java/jdk-21.0.1.jdk/Contents/Home/lib/server/libjvm.dylib at 0x0000000103ce4000
x13=0x00000001045dd318: _ZN15SignatureStream4nextEv+0x12c in /opt/java/jdk-21.0.1.jdk/Contents/Home/lib/server/libjvm.dylib at 0x0000000103ce4000
x14=0x0000000000000029 is an unknown value
x15=2148258484 is a compressed pointer to object: java.util.Collections$EmptyList 
{0x00000004005e95a0} - klass: 'java/util/Collections$EmptyList'
 - ---- fields (total size 2 words):
 - protected transient 'modCount' 'I' @12  0 (0x00000000)
x16=0x00000001a5ff01a0: _platform_memchr+0 in /usr/lib/system/libsystem_platform.dylib at 0x00000001a5fef000
x17=0x0000600001e16eb0 points into unknown readable memory: 0x0000000000000001 | 01 00 00 00 00 00 00 00
x18=0x0 is null
x19=0x000000014d67c890 points into unknown readable memory: 0x0000000104946380 | 80 63 94 04 01 00 00 00
x20=0x0000000172431090 is pointing into the stack for thread: 0x000000014800f600
x21=0x000000880073b477 is pointing into metadata
x22=0x0 is null
x23=0x0000000000000002 is an unknown value
x24=0x0000008800550d20 is pointing into metadata
x25=0x000000000e769100 is an unknown value
x26=0x0000000172431090 is pointing into the stack for thread: 0x000000014800f600
x27=0x0000000000000003 is an unknown value
x28=0x000000012e80bab0 points into unknown readable memory: 0x6974752e6176616a | 6a 61 76 61 2e 75 74 69
 fp=0x0000000170996230 points into unknown readable memory: 0x0000000170996280 | 80 62 99 70 01 00 00 00
 lr=0x00000001040fcdc0: _ZN20G1ParScanThreadState22copy_to_survivor_spaceE16G1HeapRegionAttrP7oopDesc8markWord+0xfc in /opt/java/jdk-21.0.1.jdk/Contents/Home/lib/server/libjvm.dylib at 0x0000000103ce4000
 sp=0x00000001709961d0 points into unknown readable memory: 0x00000001709961e0 | e0 61 99 70 01 00 00 00

Top of Stack: (sp=0x00000001709961d0)
0x00000001709961d0:   00000001709961e0 0000000172431090
0x00000001709961e0:   000000012e80bab0 0000000000000003
0x00000001709961f0:   0000000000000000 000000012e80baa0
0x0000000170996200:   0000008800550d20 0000600002240e10
0x0000000170996210:   000000000000000f 0000000172431090
0x0000000170996220:   0000000172431090 000000014d66ee08
0x0000000170996230:   0000000170996280 00000001041172d0
0x0000000170996240:   0000000000000000 000000012e80baa0
0x0000000170996250:   0000008800550d20 0000600002240e10
0x0000000170996260:   000000000000000f 0000000000000001
0x0000000170996270:   0000000170996300 0000000170996300
0x0000000170996280:   00000001709962e0 00000001040a0d50
0x0000000170996290:   0000008800550d20 0000001300000001
0x00000001709962a0:   0000000000000032 000000010000000c
0x00000001709962b0:   0000008800488090 0000000000000000
0x00000001709962c0:   000000000000000f 00000001709963f0
0x00000001709962d0:   000000014d66ee08 0000000000000001
0x00000001709962e0:   00000001709963e0 00000001040a01f8
0x00000001709962f0:   00000000000003d8 000000012e80be88
0x0000000170996300:   0000008800550d20 0000000100000063
0x0000000170996310:   0000000000000000 000000014d66ee08
0x0000000170996320:   0000000000000001 00000001709963f0
0x0000000170996330:   00000001049aaf68 0000000170996430
0x0000000170996340:   000000880073b477 00000001000000b8
0x0000000170996350:   00000088000b7530 00000088000b7530
0x0000000170996360:   000000012e81a1a0 0000008800550d20
0x0000000170996370:   000000010000000e 0000000000000000
0x0000000170996380:   0000000100000002 00000001045ee770
0x0000000170996390:   0000000000000000 0000000000000000
0x00000001709963a0:   000000012e80be88 0000000104971d20
0x00000001709963b0:   0000000000000020 00000001049a9590
0x00000001709963c0:   00000001049aaf68 0000000170996430 

Instructions: (pc=0x00000001040fce74)
0x00000001040fcd74:   c8 3e 00 12 fa 07 00 f9 1f fd 03 71 c8 05 00 54
0x00000001040fcd84:   48 07 40 92 a9 43 00 b0 1f 20 03 d5 29 e5 49 b9
0x00000001040fcd94:   1f 09 00 f1 e8 17 9f 1a 5f 03 40 f2 ea 17 9f 1a
0x00000001040fcda4:   3f 09 00 71 08 01 8a 1a e0 03 1a aa 1f 05 00 71
0x00000001040fcdb4:   61 00 00 54 e0 23 00 91 88 93 0e 94 17 18 03 53
0x00000001040fcdc4:   68 82 41 b9 09 20 80 52 ff 02 08 6b ca 1e 78 92
0x00000001040fcdd4:   c8 1e 40 92 e8 23 88 9a 29 21 8a 9a 19 00 00 14
0x00000001040fcde4:   1f 01 00 71 88 01 80 52 0a 02 80 52 48 01 88 9a
0x00000001040fcdf4:   88 6a a8 b8 08 21 c9 9a 29 5d 10 53 08 01 09 8b
0x00000001040fce04:   a9 43 00 b0 1f 20 03 d5 29 51 80 b9 28 01 08 8b
0x00000001040fce14:   08 05 00 d1 e9 03 09 4b 29 7d 40 93 08 01 09 8a
0x00000001040fce24:   19 fd 43 d3 c8 3e 00 12 fa 07 00 f9 1f fd 03 71
0x00000001040fce34:   89 fa ff 54 17 00 80 52 08 00 80 d2 09 20 80 52
0x00000001040fce44:   28 01 08 2a e8 0f 00 79 69 06 40 f9 2a 09 41 f9
0x00000001040fce54:   2b 19 42 b9 4a 21 cb 9a 8a 02 0a cb 2b 45 00 d0
0x00000001040fce64:   1f 20 03 d5 6b d9 4f b9 4a 25 cb 9a 29 fd 40 f9
0x00000001040fce74:   3c 59 6a f8 9b 8f 40 b9 69 3a 40 f9 08 7d 08 53
0x00000001040fce84:   0a 1d 40 93 0b 07 80 52 49 25 0b 9b 29 09 40 f9
0x00000001040fce94:   1f 01 00 71 68 03 9f 9a 28 79 68 f8 18 25 43 a9
0x00000001040fcea4:   29 01 18 cb 3f 0f 49 eb 88 00 00 54 09 0f 19 8b
0x00000001040fceb4:   09 19 00 f9 58 01 00 b5 e1 1b 00 91 e0 03 13 aa
0x00000001040fcec4:   e2 03 14 aa e3 03 19 aa e4 03 17 aa e5 03 1b aa
0x00000001040fced4:   db fe ff 97 f8 03 00 aa 80 12 00 b4 a8 43 00 b0
0x00000001040fcee4:   1f 20 03 d5 08 8d 46 f9 48 00 f8 b7 10 6b a8 f8
0x00000001040fcef4:   81 02 80 f9 3f 23 00 f1 a8 21 00 54 e8 03 18 aa
0x00000001040fcf04:   e9 03 14 aa ea 03 19 aa ab 00 00 10 6b 15 0a 8b
0x00000001040fcf14:   60 01 1f d6 1f 20 03 d5 1f 20 03 d5 48 00 00 14
0x00000001040fcf24:   1f 20 03 d5 1f 20 03 d5 1f 20 03 d5 1f 20 03 d5
0x00000001040fcf34:   1f 20 03 d5 1f 20 03 d5 1f 20 03 d5 2b 01 40 f9
0x00000001040fcf44:   0b 01 00 f9 3e 00 00 14 1f 20 03 d5 1f 20 03 d5
0x00000001040fcf54:   1f 20 03 d5 1f 20 03 d5 1f 20 03 d5 2b 31 40 a9
0x00000001040fcf64:   0b 31 00 a9 36 00 00 14 1f 20 03 d5 1f 20 03 d5 


Stack slot to memory mapping:

stack at sp + 0 slots: 0x00000001709961e0 points into unknown readable memory: 0x000000012e80bab0 | b0 ba 80 2e 01 00 00 00
stack at sp + 1 slots: 0x0000000172431090 is pointing into the stack for thread: 0x000000014800f600
stack at sp + 2 slots: 0x000000012e80bab0 points into unknown readable memory: 0x6974752e6176616a | 6a 61 76 61 2e 75 74 69
stack at sp + 3 slots: 0x0000000000000003 is an unknown value
stack at sp + 4 slots: 0x0 is null
stack at sp + 5 slots: 0x000000012e80baa0 points into unknown readable memory: 0x0000000000000000 | 00 00 00 00 00 00 00 00
stack at sp + 6 slots: 0x0000008800550d20 is pointing into metadata
stack at sp + 7 slots: 0x0000600002240e10 points into unknown readable memory: 0x0000000000000002 | 02 00 00 00 00 00 00 00


---------------  P R O C E S S  ---------------

Threads class SMR info:
_java_thread_list=0x0000600002c82f60, length=29, elements={
0x000000014e80b400, 0x000000014e0a4000, 0x000000014e0a4800, 0x000000014e80c600,
0x000000014e80ce00, 0x000000014e80e400, 0x000000012f808200, 0x000000014d80d600,
0x000000014e0a5a00, 0x000000014e0a6200, 0x000000014e881e00, 0x000000014e812400,
0x000000014f826000, 0x000000014e8a4e00, 0x000000014e8c7600, 0x000000012f921400,
0x000000014f821200, 0x000000014e8d1a00, 0x000000014f93a800, 0x0000000148060200,
0x000000012f022600, 0x000000014e252200, 0x000000014e24be00, 0x0000000148040800,
0x000000012f0a7200, 0x000000014800f600, 0x00000001480acc00, 0x00000001480ad400,
0x00000001480ab600
}

Java Threads: ( => current thread )
  0x000000014e80b400 JavaThread "Reference Handler"          daemon [_thread_blocked, id=32003, stack(0x000000016e4c8000,0x000000016e6cb000) (2060K)]
  0x000000014e0a4000 JavaThread "Finalizer"                  daemon [_thread_blocked, id=31491, stack(0x000000016e6d4000,0x000000016e8d7000) (2060K)]
  0x000000014e0a4800 JavaThread "Signal Dispatcher"          daemon [_thread_blocked, id=30979, stack(0x000000016e8e0000,0x000000016eae3000) (2060K)]
  0x000000014e80c600 JavaThread "Service Thread"             daemon [_thread_blocked, id=30467, stack(0x000000016eaec000,0x000000016ecef000) (2060K)]
  0x000000014e80ce00 JavaThread "Monitor Deflation Thread"   daemon [_thread_blocked, id=30211, stack(0x000000016ecf8000,0x000000016eefb000) (2060K)]
  0x000000014e80e400 JavaThread "C1 CompilerThread0"         daemon [_thread_blocked, id=29955, stack(0x000000016ef04000,0x000000016f107000) (2060K)]
  0x000000012f808200 JavaThread "Common-Cleaner"             daemon [_thread_blocked, id=23555, stack(0x000000016f110000,0x000000016f313000) (2060K)]
  0x000000014d80d600 JavaThread "JDWP Transport Listener: dt_socket" daemon [_thread_blocked, id=24323, stack(0x000000016f528000,0x000000016f72b000) (2060K)]
  0x000000014e0a5a00 JavaThread "JDWP Event Helper Thread"   daemon [_thread_blocked, id=24579, stack(0x000000016f734000,0x000000016f937000) (2060K)]
  0x000000014e0a6200 JavaThread "JDWP Command Reader"        daemon [_thread_in_native, id=24835, stack(0x000000016f940000,0x000000016fb43000) (2060K)]
  0x000000014e881e00 JavaThread "Notification Thread"        daemon [_thread_blocked, id=25347, stack(0x000000016fb4c000,0x000000016fd4f000) (2060K)]
  0x000000014e812400 JavaThread "RMI TCP Accept-0"           daemon [_thread_in_native, id=26627, stack(0x0000000170170000,0x0000000170373000) (2060K)]
  0x000000014f826000 JavaThread "RMI TCP Accept-52966"       daemon [_thread_in_native, id=28163, stack(0x000000017037c000,0x000000017057f000) (2060K)]
  0x000000014e8a4e00 JavaThread "RMI TCP Accept-0"           daemon [_thread_in_native, id=27139, stack(0x0000000170588000,0x000000017078b000) (2060K)]
  0x000000014e8c7600 JavaThread "RMI Scheduler(0)"           daemon [_thread_blocked, id=35075, stack(0x0000000171e18000,0x000000017201b000) (2060K)]
  0x000000012f921400 JavaThread "BufferPoolPruner-1-thread-1" daemon [_thread_blocked, id=38403, stack(0x0000000172e78000,0x000000017307b000) (2060K)]
  0x000000014f821200 JavaThread "Live Reload Server"         daemon [_thread_in_native, id=65031, stack(0x00000001738b4000,0x0000000173ab7000) (2060K)]
  0x000000014e8d1a00 JavaThread "DestroyJavaVM"                     [_thread_blocked, id=8707, stack(0x000000016d350000,0x000000016d553000) (2060K)]
  0x000000014f93a800 JavaThread "Attach Listener"            daemon [_thread_blocked, id=41223, stack(0x00000001717f4000,0x00000001719f7000) (2060K)]
  0x0000000148060200 JavaThread "RMI TCP Connection(1671)-127.0.0.1" daemon [_thread_in_native, id=63783, stack(0x000000016fd58000,0x000000016ff5b000) (2060K)]
  0x000000012f022600 JavaThread "JMX server connection timeout 186" daemon [_thread_blocked, id=40483, stack(0x000000016f31c000,0x000000016f51f000) (2060K)]
  0x000000014e252200 JavaThread "RMI TCP Connection(1754)-127.0.0.1" daemon [_thread_blocked, id=39427, stack(0x000000016ff64000,0x0000000170167000) (2060K)]
  0x000000014e24be00 JavaThread "JMX server connection timeout 218" daemon [_thread_blocked, id=26451, stack(0x0000000172024000,0x0000000172227000) (2060K)]
  0x0000000148040800 JavaThread "File Watcher"               daemon [_thread_blocked, id=65331, stack(0x0000000171c0c000,0x0000000171e0f000) (2060K)]
  0x000000012f0a7200 JavaThread "Thread-174"                        [_thread_blocked, id=37639, stack(0x0000000171a00000,0x0000000171c03000) (2060K)]
  0x000000014800f600 JavaThread "restartedMain"                     [_thread_blocked, id=34839, stack(0x0000000172230000,0x0000000172433000) (2060K)]
  0x00000001480acc00 JavaThread "Catalina-utility-1"                [_thread_blocked, id=64667, stack(0x000000017243c000,0x000000017263f000) (2060K)]
  0x00000001480ad400 JavaThread "Catalina-utility-2"                [_thread_blocked, id=60947, stack(0x0000000172854000,0x0000000172a57000) (2060K)]
  0x00000001480ab600 JavaThread "container-1"                       [_thread_blocked, id=46535, stack(0x0000000172a60000,0x0000000172c63000) (2060K)]
Total: 29

Other Threads:
  0x000000014f108a90 VMThread "VM Thread"                           [id=20739, stack(0x000000016e1a4000,0x000000016e3a7000) (2060K)]
  0x000000014f105dc0 WatcherThread "VM Periodic Task Thread"        [id=17667, stack(0x000000016df98000,0x000000016e19b000) (2060K)]
  0x000000014d606d30 WorkerThread "GC Thread#0"                     [id=12547, stack(0x000000016d55c000,0x000000016d75f000) (2060K)]
=>0x000000012e81a1a0 WorkerThread "GC Thread#1"                     [id=27395, stack(0x0000000170794000,0x0000000170997000) (2060K)]
  0x000000012e81a710 WorkerThread "GC Thread#2"                     [id=32771, stack(0x00000001709a0000,0x0000000170ba3000) (2060K)]
  0x000000012e81ac80 WorkerThread "GC Thread#3"                     [id=33027, stack(0x0000000170bac000,0x0000000170daf000) (2060K)]
  0x000000012e81b1f0 WorkerThread "GC Thread#4"                     [id=42755, stack(0x0000000170db8000,0x0000000170fbb000) (2060K)]
  0x000000012e81b760 WorkerThread "GC Thread#5"                     [id=42243, stack(0x0000000170fc4000,0x00000001711c7000) (2060K)]
  0x000000012e81bcd0 WorkerThread "GC Thread#6"                     [id=33283, stack(0x00000001711d0000,0x00000001713d3000) (2060K)]
  0x000000012e81c630 WorkerThread "GC Thread#7"                     [id=33795, stack(0x00000001713dc000,0x00000001715df000) (2060K)]
  0x000000012e81cf90 WorkerThread "GC Thread#8"                     [id=41731, stack(0x00000001715e8000,0x00000001717eb000) (2060K)]
  0x000000014d6074d0 ConcurrentGCThread "G1 Main Marker"            [id=14339, stack(0x000000016d768000,0x000000016d96b000) (2060K)]
  0x000000014d607e40 WorkerThread "G1 Conc#0"                       [id=13315, stack(0x000000016d974000,0x000000016db77000) (2060K)]
  0x000000012d61c270 WorkerThread "G1 Conc#1"                       [id=39939, stack(0x0000000172648000,0x000000017284b000) (2060K)]
  0x000000014e015a00 ConcurrentGCThread "G1 Refine#0"               [id=16387, stack(0x000000016db80000,0x000000016dd83000) (2060K)]
  0x000000014f1044d0 ConcurrentGCThread "G1 Service"                [id=16899, stack(0x000000016dd8c000,0x000000016df8f000) (2060K)]
Total: 16

Threads with active compile tasks:
Total: 0

VM state: at safepoint (normal execution)

VM Mutex/Monitor currently owned by a thread:  ([mutex/lock_event])
[0x0000000104a084c0] Threads_lock - owner thread: 0x000000014f108a90
[0x0000000104a08540] Heap_lock - owner thread: 0x000000014e252200

Heap address: 0x0000000400000000, size: 16384 MB, Compressed Oops mode: Zero based, Oop shift amount: 3

CDS archive(s) mapped at: [0x0000008800000000-0x0000008800ca4000-0x0000008800ca4000), size 13254656, SharedBaseAddress: 0x0000008800000000, ArchiveRelocationMode: 1.
Compressed class space mapped at: 0x0000008801000000-0x0000008841000000, reserved size: 1073741824
Narrow klass base: 0x0000008800000000, Narrow klass shift: 0, Narrow klass range: 0x100000000

GC Precious Log:
 CardTable entry size: 512
 Card Set container configuration: InlinePtr #cards 4 size 8 Array Of Cards #cards 64 size 144 Howl #buckets 8 coarsen threshold 14745 Howl Bitmap #cards 2048 size 272 coarsen threshold 1843 Card regions per heap region 1 cards per card region 16384
 CPUs: 10 total, 10 available
 Memory: 65536M
 Large Page Support: Disabled
 NUMA Support: Disabled
 Compressed Oops: Enabled (Zero based)
 Heap Region Size: 8M
 Heap Min Capacity: 8M
 Heap Initial Capacity: 1G
 Heap Max Capacity: 16G
 Pre-touch: Disabled
 Parallel Workers: 9
 Concurrent Workers: 2
 Concurrent Refinement Workers: 9
 Periodic GC: Disabled

Heap:
 garbage-first heap   total 163840K, used 132643K [0x0000000400000000, 0x0000000800000000)
  region size 8192K, 12 young (98304K), 1 survivors (8192K)
 Metaspace       used 56282K, committed 57344K, reserved 1114112K
  class space    used 7847K, committed 8256K, reserved 1048576K

Heap Regions: E=young(eden), S=young(survivor), O=old, HS=humongous(starts), HC=humongous(continues), CS=collection set, F=free, TAMS=top-at-mark-start, PB=parsable bottom
|   0|0x0000000400000000, 0x00000004007ffbc0, 0x0000000400800000| 99%| O|  |TAMS 0x00000004007ffbc0| PB 0x0000000400000000| Untracked 
|   1|0x0000000400800000, 0x0000000400fffff0, 0x0000000401000000| 99%| O|  |TAMS 0x0000000400fffff0| PB 0x0000000400800000| Untracked 
|   2|0x0000000401000000, 0x00000004017fff48, 0x0000000401800000| 99%| O|  |TAMS 0x00000004017fff48| PB 0x0000000401000000| Untracked 
|   3|0x0000000401800000, 0x0000000402000000, 0x0000000402000000|100%| O|  |TAMS 0x0000000402000000| PB 0x0000000401800000| Untracked 
|   4|0x0000000402000000, 0x00000004026b3e10, 0x0000000402800000| 83%| O|  |TAMS 0x00000004026b3e10| PB 0x0000000402000000| Untracked 
|   5|0x0000000402800000, 0x0000000402ad5370, 0x0000000403000000| 35%| O|  |TAMS 0x0000000402ad5370| PB 0x0000000402800000| Untracked 
|   6|0x0000000403000000, 0x0000000403000000, 0x0000000403800000|  0%| F|  |TAMS 0x0000000403000000| PB 0x0000000403000000| Untracked 
|   7|0x0000000403800000, 0x0000000403800000, 0x0000000404000000|  0%| F|  |TAMS 0x0000000403800000| PB 0x0000000403800000| Untracked 
|   8|0x0000000404000000, 0x000000040442d158, 0x0000000404800000| 52%| S|  |TAMS 0x0000000404000000| PB 0x0000000404000000| Complete 
|   9|0x0000000404800000, 0x0000000405000000, 0x0000000405000000|100%| E|CS|TAMS 0x0000000404800000| PB 0x0000000404800000| Complete 
|  10|0x0000000405000000, 0x0000000405800000, 0x0000000405800000|100%| E|CS|TAMS 0x0000000405000000| PB 0x0000000405000000| Complete 
|  11|0x0000000405800000, 0x0000000406000000, 0x0000000406000000|100%| E|CS|TAMS 0x0000000405800000| PB 0x0000000405800000| Complete 
|  12|0x0000000406000000, 0x0000000406800000, 0x0000000406800000|100%| E|CS|TAMS 0x0000000406000000| PB 0x0000000406000000| Complete 
|  13|0x0000000406800000, 0x0000000407000000, 0x0000000407000000|100%| E|CS|TAMS 0x0000000406800000| PB 0x0000000406800000| Complete 
|  14|0x0000000407000000, 0x0000000407800000, 0x0000000407800000|100%| E|CS|TAMS 0x0000000407000000| PB 0x0000000407000000| Complete 
|  15|0x0000000407800000, 0x0000000408000000, 0x0000000408000000|100%| E|CS|TAMS 0x0000000407800000| PB 0x0000000407800000| Complete 
|  16|0x0000000408000000, 0x0000000408800000, 0x0000000408800000|100%| E|CS|TAMS 0x0000000408000000| PB 0x0000000408000000| Complete 
|  17|0x0000000408800000, 0x0000000409000000, 0x0000000409000000|100%| E|CS|TAMS 0x0000000408800000| PB 0x0000000408800000| Complete 
|  18|0x0000000409000000, 0x0000000409800000, 0x0000000409800000|100%| E|CS|TAMS 0x0000000409000000| PB 0x0000000409000000| Complete 
|  19|0x0000000409800000, 0x000000040a000000, 0x000000040a000000|100%| E|CS|TAMS 0x0000000409800000| PB 0x0000000409800000| Complete 

Card table byte_map: [0x0000000112120000,0x0000000114120000] _byte_map_base: 0x0000000110120000

Marking Bits: (CMBitMap*) 0x000000014e015410
 Bits: [0x0000000114120000, 0x0000000124120000)

Polling page: 0x0000000102c5c000

Metaspace:

Usage:
  Non-class:     47.30 MB used.
      Class:      7.66 MB used.
       Both:     54.96 MB used.

Virtual space:
  Non-class space:       64.00 MB reserved,      47.94 MB ( 75%) committed,  1 nodes.
      Class space:        1.00 GB reserved,       8.06 MB ( <1%) committed,  1 nodes.
             Both:        1.06 GB reserved,      56.00 MB (  5%) committed. 

Chunk freelists:
   Non-Class:  42.00 KB
       Class:  7.90 MB
        Both:  7.95 MB

MaxMetaspaceSize: unlimited
CompressedClassSpaceSize: 1.00 GB
Initial GC threshold: 21.00 MB
Current GC threshold: 93.25 MB
CDS: on
 - commit_granule_bytes: 65536.
 - commit_granule_words: 8192.
 - virtual_space_node_default_size: 8388608.
 - enlarge_chunks_in_place: 1.
 - use_allocation_guard: 0.


Internal statistics:

num_allocs_failed_limit: 6.
num_arena_births: 2600.
num_arena_deaths: 1600.
num_vsnodes_births: 2.
num_vsnodes_deaths: 0.
num_space_committed: 901.
num_space_uncommitted: 4.
num_chunks_returned_to_freelist: 2040.
num_chunks_taken_from_freelist: 5646.
num_chunk_merges: 515.
num_chunk_splits: 2879.
num_chunks_enlarged: 1792.
num_inconsistent_stats: 0.

CodeCache: size=49152Kb used=19300Kb max_used=20325Kb free=29851Kb
 bounds [0x000000010d120000, 0x000000010e500000, 0x0000000110120000]
 total_blobs=9940 nmethods=9291 adapters=577
 compilation: enabled
              stopped_count=0, restarted_count=0
 full_count=0

Compilation events (20 events):
Event: 101122.688 Thread 0x000000014e80e400 14694       1       java.io.ObjectStreamClass::forClass (52 bytes)
Event: 101122.689 Thread 0x000000014e80e400 nmethod 14694 0x000000010e4dcb90 code [0x000000010e4dcd40, 0x000000010e4dcf00]
Event: 101122.689 Thread 0x000000014e80e400 14686       1       sun.rmi.server.MarshalInputStream::latestUserDefinedLoader (4 bytes)
Event: 101122.689 Thread 0x000000014e80e400 nmethod 14686 0x000000010e4dc810 code [0x000000010e4dc9c0, 0x000000010e4dca98]
Event: 101122.689 Thread 0x000000014e80e400 14687       1       jdk.internal.misc.VM::latestUserDefinedLoader (16 bytes)
Event: 101122.689 Thread 0x000000014e80e400 nmethod 14687 0x000000010e4dc490 code [0x000000010e4dc640, 0x000000010e4dc718]
Event: 101152.694 Thread 0x000000014e80e400 14695       1       sun.rmi.runtime.Log$LoggerLog::isLoggable (9 bytes)
Event: 101152.694 Thread 0x000000014e80e400 nmethod 14695 0x000000010e4dc110 code [0x000000010e4dc280, 0x000000010e4dc3a0]
Event: 101312.665 Thread 0x000000014e80e400 14696       1       java.util.Comparator$$Lambda/0x00000088011f40b0::compare (10 bytes)
Event: 101312.665 Thread 0x000000014e80e400 nmethod 14696 0x000000010e4dbc90 code [0x000000010e4dbe40, 0x000000010e4dc038]
Event: 101312.665 Thread 0x000000014e80e400 14697       1       java.util.Comparator::lambda$comparingLong$6043328a$1 (18 bytes)
Event: 101312.666 Thread 0x000000014e80e400 nmethod 14697 0x000000010e4db890 code [0x000000010e4dba40, 0x000000010e4dbbe8]
Event: 101402.302 Thread 0x000000014e80e400 14698       1       java.io.ObjectStreamClass::getSuperDesc (9 bytes)
Event: 101402.302 Thread 0x000000014e80e400 nmethod 14698 0x000000010e4db490 code [0x000000010e4db640, 0x000000010e4db7c8]
Event: 101422.685 Thread 0x000000014e80e400 14700       1       java.io.ObjectInputStream$HandleTable::finish (111 bytes)
Event: 101422.685 Thread 0x000000014e80e400 nmethod 14700 0x000000010e4dae90 code [0x000000010e4db040, 0x000000010e4db308]
Event: 101422.685 Thread 0x000000014e80e400 14699       1       java.io.ObjectInputStream$HandleTable::assign (48 bytes)
Event: 101422.685 Thread 0x000000014e80e400 nmethod 14699 0x000000010e4da910 code [0x000000010e4daac0, 0x000000010e4dad18]
Event: 101422.685 Thread 0x000000014e80e400 14701  s    1       sun.rmi.transport.DGCImpl$LeaseInfo::renew (21 bytes)
Event: 101422.685 Thread 0x000000014e80e400 nmethod 14701 0x000000010e4da510 code [0x000000010e4da680, 0x000000010e4da878]

GC Heap History (20 events):
Event: 100556.559 GC heap after
{Heap after GC invocations=202 (full 34):
 garbage-first heap   total 196608K, used 42382K [0x0000000400000000, 0x0000000800000000)
  region size 8192K, 0 young (0K), 0 survivors (0K)
 Metaspace       used 55653K, committed 56640K, reserved 1114112K
  class space    used 7744K, committed 8128K, reserved 1048576K
}
Event: 100559.947 GC heap before
{Heap before GC invocations=202 (full 34):
 garbage-first heap   total 196608K, used 116110K [0x0000000400000000, 0x0000000800000000)
  region size 8192K, 10 young (81920K), 0 survivors (0K)
 Metaspace       used 55718K, committed 56640K, reserved 1114112K
  class space    used 7755K, committed 8128K, reserved 1048576K
}
Event: 100560.002 GC heap after
{Heap after GC invocations=203 (full 35):
 garbage-first heap   total 163840K, used 39662K [0x0000000400000000, 0x0000000800000000)
  region size 8192K, 0 young (0K), 0 survivors (0K)
 Metaspace       used 55713K, committed 56640K, reserved 1114112K
  class space    used 7754K, committed 8128K, reserved 1048576K
}
Event: 100565.006 GC heap before
{Heap before GC invocations=203 (full 35):
 garbage-first heap   total 163840K, used 113390K [0x0000000400000000, 0x0000000800000000)
  region size 8192K, 10 young (81920K), 0 survivors (0K)
 Metaspace       used 55782K, committed 56704K, reserved 1114112K
  class space    used 7767K, committed 8128K, reserved 1048576K
}
Event: 100565.070 GC heap after
{Heap after GC invocations=204 (full 36):
 garbage-first heap   total 163840K, used 41583K [0x0000000400000000, 0x0000000800000000)
  region size 8192K, 0 young (0K), 0 survivors (0K)
 Metaspace       used 55782K, committed 56704K, reserved 1114112K
  class space    used 7767K, committed 8128K, reserved 1048576K
}
Event: 100594.289 GC heap before
{Heap before GC invocations=204 (full 36):
 garbage-first heap   total 163840K, used 115311K [0x0000000400000000, 0x0000000800000000)
  region size 8192K, 10 young (81920K), 0 survivors (0K)
 Metaspace       used 55846K, committed 56832K, reserved 1114112K
  class space    used 7777K, committed 8192K, reserved 1048576K
}
Event: 100594.343 GC heap after
{Heap after GC invocations=205 (full 37):
 garbage-first heap   total 163840K, used 44494K [0x0000000400000000, 0x0000000800000000)
  region size 8192K, 0 young (0K), 0 survivors (0K)
 Metaspace       used 55846K, committed 56832K, reserved 1114112K
  class space    used 7777K, committed 8192K, reserved 1048576K
}
Event: 100617.905 GC heap before
{Heap before GC invocations=205 (full 37):
 garbage-first heap   total 163840K, used 118222K [0x0000000400000000, 0x0000000800000000)
  region size 8192K, 10 young (81920K), 0 survivors (0K)
 Metaspace       used 55909K, committed 56896K, reserved 1114112K
  class space    used 7787K, committed 8192K, reserved 1048576K
}
Event: 100617.969 GC heap after
{Heap after GC invocations=206 (full 38):
 garbage-first heap   total 163840K, used 47311K [0x0000000400000000, 0x0000000800000000)
  region size 8192K, 0 young (0K), 0 survivors (0K)
 Metaspace       used 55909K, committed 56896K, reserved 1114112K
  class space    used 7787K, committed 8192K, reserved 1048576K
}
Event: 100672.534 GC heap before
{Heap before GC invocations=206 (full 38):
 garbage-first heap   total 163840K, used 121039K [0x0000000400000000, 0x0000000800000000)
  region size 8192K, 10 young (81920K), 0 survivors (0K)
 Metaspace       used 55973K, committed 56960K, reserved 1114112K
  class space    used 7797K, committed 8192K, reserved 1048576K
}
Event: 100672.592 GC heap after
{Heap after GC invocations=207 (full 39):
 garbage-first heap   total 163840K, used 39754K [0x0000000400000000, 0x0000000800000000)
  region size 8192K, 0 young (0K), 0 survivors (0K)
 Metaspace       used 55946K, committed 56960K, reserved 1114112K
  class space    used 7792K, committed 8192K, reserved 1048576K
}
Event: 100706.099 GC heap before
{Heap before GC invocations=207 (full 39):
 garbage-first heap   total 163840K, used 113482K [0x0000000400000000, 0x0000000800000000)
  region size 8192K, 10 young (81920K), 0 survivors (0K)
 Metaspace       used 56011K, committed 56960K, reserved 1114112K
  class space    used 7803K, committed 8192K, reserved 1048576K
}
Event: 100706.146 GC heap after
{Heap after GC invocations=208 (full 40):
 garbage-first heap   total 163840K, used 42622K [0x0000000400000000, 0x0000000800000000)
  region size 8192K, 0 young (0K), 0 survivors (0K)
 Metaspace       used 56011K, committed 56960K, reserved 1114112K
  class space    used 7803K, committed 8192K, reserved 1048576K
}
Event: 100729.377 GC heap before
{Heap before GC invocations=208 (full 40):
 garbage-first heap   total 163840K, used 116350K [0x0000000400000000, 0x0000000800000000)
  region size 8192K, 10 young (81920K), 0 survivors (0K)
 Metaspace       used 56081K, committed 57088K, reserved 1114112K
  class space    used 7814K, committed 8192K, reserved 1048576K
}
Event: 100729.426 GC heap after
{Heap after GC invocations=209 (full 41):
 garbage-first heap   total 163840K, used 39645K [0x0000000400000000, 0x0000000800000000)
  region size 8192K, 0 young (0K), 0 survivors (0K)
 Metaspace       used 56075K, committed 57088K, reserved 1114112K
  class space    used 7813K, committed 8192K, reserved 1048576K
}
Event: 100764.353 GC heap before
{Heap before GC invocations=209 (full 41):
 garbage-first heap   total 163840K, used 113373K [0x0000000400000000, 0x0000000800000000)
  region size 8192K, 10 young (81920K), 0 survivors (0K)
 Metaspace       used 56142K, committed 57216K, reserved 1114112K
  class space    used 7824K, committed 8256K, reserved 1048576K
}
Event: 100764.414 GC heap after
{Heap after GC invocations=210 (full 42):
 garbage-first heap   total 163840K, used 39696K [0x0000000400000000, 0x0000000800000000)
  region size 8192K, 0 young (0K), 0 survivors (0K)
 Metaspace       used 56139K, committed 57216K, reserved 1114112K
  class space    used 7824K, committed 8256K, reserved 1048576K
}
Event: 100812.251 GC heap before
{Heap before GC invocations=210 (full 42):
 garbage-first heap   total 163840K, used 113424K [0x0000000400000000, 0x0000000800000000)
  region size 8192K, 10 young (81920K), 0 survivors (0K)
 Metaspace       used 56214K, committed 57280K, reserved 1114112K
  class space    used 7836K, committed 8256K, reserved 1048576K
}
Event: 100812.309 GC heap after
{Heap after GC invocations=211 (full 43):
 garbage-first heap   total 163840K, used 42531K [0x0000000400000000, 0x0000000800000000)
  region size 8192K, 0 young (0K), 0 survivors (0K)
 Metaspace       used 56214K, committed 57280K, reserved 1114112K
  class space    used 7836K, committed 8256K, reserved 1048576K
}
Event: 101652.825 GC heap before
{Heap before GC invocations=211 (full 43):
 garbage-first heap   total 163840K, used 132643K [0x0000000400000000, 0x0000000800000000)
  region size 8192K, 11 young (90112K), 0 survivors (0K)
 Metaspace       used 56282K, committed 57344K, reserved 1114112K
  class space    used 7847K, committed 8256K, reserved 1048576K
}

Dll operation events (20 events):
Event: 1.225 Loading shared library /System/Library/Java/Extensions/libtcnative-1.dylib failed, dlopen(/System/Library/Java/Extensions/libtcnative-1.dylib, 0x0001): tried: '/System/Library/Java/Extensions/libtcnative-1.dylib' (no such file), '/System/Volumes/Preboot/C
Event: 1.225 Loading shared library /System/Library/Java/Extensions/libtcnative-1.jnilib failed, dlopen(/System/Library/Java/Extensions/libtcnative-1.jnilib, 0x0001): tried: '/System/Library/Java/Extensions/libtcnative-1.jnilib' (no such file), '/System/Volumes/Preboo
Event: 1.225 Loading shared library /usr/lib/java/libtcnative-1.dylib failed, dlopen(/usr/lib/java/libtcnative-1.dylib, 0x0001): tried: '/usr/lib/java/libtcnative-1.dylib' (no such file), '/System/Volumes/Preboot/Cryptexes/OS/usr/lib/java/libtcnative-1.dylib' (no such
Event: 1.225 Loading shared library /usr/lib/java/libtcnative-1.jnilib failed, dlopen(/usr/lib/java/libtcnative-1.jnilib, 0x0001): tried: '/usr/lib/java/libtcnative-1.jnilib' (no such file), '/System/Volumes/Preboot/Cryptexes/OS/usr/lib/java/libtcnative-1.jnilib' (no 
Event: 1.225 Loading shared library /Users/edoardo/Documents/workspaces/joinup/payments/libtcnative-1.dylib failed, dlopen(/Users/edoardo/Documents/workspaces/joinup/payments/libtcnative-1.dylib, 0x0001): tried: '/Users/edoardo/Documents/workspaces/joinup/payments/lib
Event: 1.225 Loading shared library /Users/edoardo/Documents/workspaces/joinup/payments/libtcnative-1.jnilib failed, dlopen(/Users/edoardo/Documents/workspaces/joinup/payments/libtcnative-1.jnilib, 0x0001): tried: '/Users/edoardo/Documents/workspaces/joinup/payments/l
Event: 1.226 Loading shared library /opt/java/jdk-21.0.1.jdk/Contents/Home/lib/liblibtcnative-1.dylib failed, dlopen(/opt/java/jdk-21.0.1.jdk/Contents/Home/lib/liblibtcnative-1.dylib, 0x0001): tried: '/opt/java/jdk-21.0.1.jdk/Contents/Home/lib/liblibtcnative-1.dylib' 
Event: 1.226 Loading shared library /opt/java/jdk-21.0.1.jdk/Contents/Home/lib/liblibtcnative-1.jnilib failed, dlopen(/opt/java/jdk-21.0.1.jdk/Contents/Home/lib/liblibtcnative-1.jnilib, 0x0001): tried: '/opt/java/jdk-21.0.1.jdk/Contents/Home/lib/liblibtcnative-1.jnili
Event: 1.226 Loading shared library /Users/edoardo/Library/Java/Extensions/liblibtcnative-1.dylib failed, dlopen(/Users/edoardo/Library/Java/Extensions/liblibtcnative-1.dylib, 0x0001): tried: '/Users/edoardo/Library/Java/Extensions/liblibtcnative-1.dylib' (no such fil
Event: 1.226 Loading shared library /Users/edoardo/Library/Java/Extensions/liblibtcnative-1.jnilib failed, dlopen(/Users/edoardo/Library/Java/Extensions/liblibtcnative-1.jnilib, 0x0001): tried: '/Users/edoardo/Library/Java/Extensions/liblibtcnative-1.jnilib' (no such 
Event: 1.226 Loading shared library /Library/Java/Extensions/liblibtcnative-1.dylib failed, dlopen(/Library/Java/Extensions/liblibtcnative-1.dylib, 0x0001): tried: '/Library/Java/Extensions/liblibtcnative-1.dylib' (no such file), '/System/Volumes/Preboot/Cryptexes/OS/
Event: 1.226 Loading shared library /Library/Java/Extensions/liblibtcnative-1.jnilib failed, dlopen(/Library/Java/Extensions/liblibtcnative-1.jnilib, 0x0001): tried: '/Library/Java/Extensions/liblibtcnative-1.jnilib' (no such file), '/System/Volumes/Preboot/Cryptexes/
Event: 1.226 Loading shared library /Network/Library/Java/Extensions/liblibtcnative-1.dylib failed, dlopen(/Network/Library/Java/Extensions/liblibtcnative-1.dylib, 0x0001): tried: '/Network/Library/Java/Extensions/liblibtcnative-1.dylib' (no such file), '/System/Volum
Event: 1.226 Loading shared library /Network/Library/Java/Extensions/liblibtcnative-1.jnilib failed, dlopen(/Network/Library/Java/Extensions/liblibtcnative-1.jnilib, 0x0001): tried: '/Network/Library/Java/Extensions/liblibtcnative-1.jnilib' (no such file), '/System/Vo
Event: 1.226 Loading shared library /System/Library/Java/Extensions/liblibtcnative-1.dylib failed, dlopen(/System/Library/Java/Extensions/liblibtcnative-1.dylib, 0x0001): tried: '/System/Library/Java/Extensions/liblibtcnative-1.dylib' (no such file), '/System/Volumes/
Event: 1.226 Loading shared library /System/Library/Java/Extensions/liblibtcnative-1.jnilib failed, dlopen(/System/Library/Java/Extensions/liblibtcnative-1.jnilib, 0x0001): tried: '/System/Library/Java/Extensions/liblibtcnative-1.jnilib' (no such file), '/System/Volum
Event: 1.226 Loading shared library /usr/lib/java/liblibtcnative-1.dylib failed, dlopen(/usr/lib/java/liblibtcnative-1.dylib, 0x0001): tried: '/usr/lib/java/liblibtcnative-1.dylib' (no such file), '/System/Volumes/Preboot/Cryptexes/OS/usr/lib/java/liblibtcnative-1.dyl
Event: 1.226 Loading shared library /usr/lib/java/liblibtcnative-1.jnilib failed, dlopen(/usr/lib/java/liblibtcnative-1.jnilib, 0x0001): tried: '/usr/lib/java/liblibtcnative-1.jnilib' (no such file), '/System/Volumes/Preboot/Cryptexes/OS/usr/lib/java/liblibtcnative-1.
Event: 1.226 Loading shared library /Users/edoardo/Documents/workspaces/joinup/payments/liblibtcnative-1.dylib failed, dlopen(/Users/edoardo/Documents/workspaces/joinup/payments/liblibtcnative-1.dylib, 0x0001): tried: '/Users/edoardo/Documents/workspaces/joinup/paymen
Event: 1.226 Loading shared library /Users/edoardo/Documents/workspaces/joinup/payments/liblibtcnative-1.jnilib failed, dlopen(/Users/edoardo/Documents/workspaces/joinup/payments/liblibtcnative-1.jnilib, 0x0001): tried: '/Users/edoardo/Documents/workspaces/joinup/paym

Deoptimization events (20 events):
Event: 101652.816 Thread 0x000000014f826000 DEOPT PACKING pc=0x000000010e1b1ca8 sp=0x000000017057e490
Event: 101652.816 Thread 0x000000014f826000 DEOPT UNPACKING pc=0x000000010d162e7c sp=0x000000017057e180 mode 0
Event: 101652.816 Thread 0x000000014f826000 DEOPT PACKING pc=0x000000010e1b2330 sp=0x000000017057e520
Event: 101652.816 Thread 0x000000014f826000 DEOPT UNPACKING pc=0x000000010d162e7c sp=0x000000017057e1f0 mode 0
Event: 101652.816 Thread 0x000000014f826000 DEOPT PACKING pc=0x000000010e1b2998 sp=0x000000017057e580
Event: 101652.816 Thread 0x000000014f826000 DEOPT UNPACKING pc=0x000000010d162e7c sp=0x000000017057e290 mode 0
Event: 101652.816 Thread 0x000000014f826000 DEOPT PACKING pc=0x000000010e1b360c sp=0x000000017057e640
Event: 101652.816 Thread 0x000000014f826000 DEOPT UNPACKING pc=0x000000010d162e7c sp=0x000000017057e430 mode 0
Event: 101652.816 Thread 0x000000014f826000 DEOPT PACKING pc=0x000000010e1b458c sp=0x000000017057e7e0
Event: 101652.816 Thread 0x000000014f826000 DEOPT UNPACKING pc=0x000000010d162e7c sp=0x000000017057e4f0 mode 0
Event: 101652.817 Thread 0x000000014e252200 DEOPT PACKING pc=0x000000010d429bcc sp=0x0000000170166260
Event: 101652.817 Thread 0x000000014e252200 DEOPT UNPACKING pc=0x000000010d162e7c sp=0x0000000170165f60 mode 0
Event: 101652.817 Thread 0x000000014e252200 DEOPT PACKING pc=0x000000010e1e7b30 sp=0x0000000170166320
Event: 101652.817 Thread 0x000000014e252200 DEOPT UNPACKING pc=0x000000010d162e7c sp=0x0000000170166240 mode 0
Event: 101652.817 Thread 0x000000014e252200 DEOPT PACKING pc=0x000000010e1a9414 sp=0x0000000170166650
Event: 101652.817 Thread 0x000000014e252200 DEOPT UNPACKING pc=0x000000010d162e7c sp=0x0000000170166340 mode 0
Event: 101652.817 Thread 0x000000014e252200 DEOPT PACKING pc=0x000000010d2d4e8c sp=0x0000000170166710
Event: 101652.817 Thread 0x000000014e252200 DEOPT UNPACKING pc=0x000000010d162e7c sp=0x0000000170166410 mode 0
Event: 101652.817 Thread 0x000000014e252200 DEOPT PACKING pc=0x000000010e03c40c sp=0x00000001701667d0
Event: 101652.817 Thread 0x000000014e252200 DEOPT UNPACKING pc=0x000000010d162e7c sp=0x0000000170166580 mode 0

Classes loaded (20 events):
Event: 391.142 Loading class java/text/ParsePosition
Event: 391.142 Loading class java/text/ParsePosition done
Event: 3000.554 Loading class java/rmi/server/UnicastRemoteObject
Event: 3000.554 Loading class java/rmi/server/UnicastRemoteObject done
Event: 3148.867 Loading class java/util/ArrayList$SubList$2
Event: 3148.867 Loading class java/util/ArrayList$SubList$2 done
Event: 3148.868 Loading class java/util/concurrent/locks/ReentrantReadWriteLock$Sync$HoldCounter
Event: 3148.868 Loading class java/util/concurrent/locks/ReentrantReadWriteLock$Sync$HoldCounter done
Event: 3148.870 Loading class java/util/TreeMap$EntrySpliterator
Event: 3148.870 Loading class java/util/TreeMap$EntrySpliterator done
Event: 99961.466 Loading class java/time/DurationEditor
Event: 99961.466 Loading class java/time/DurationEditor done
Event: 99982.139 Loading class java/lang/invoke/MethodHandleImpl$CountingWrapper$1
Event: 99982.139 Loading class java/lang/invoke/MethodHandleImpl$CountingWrapper$1 done
Event: 100042.050 Loading class java/time/DurationEditor
Event: 100042.050 Loading class java/time/DurationEditor done
Event: 100112.453 Loading class java/time/DurationEditor
Event: 100112.453 Loading class java/time/DurationEditor done
Event: 100197.584 Loading class java/time/DurationEditor
Event: 100197.584 Loading class java/time/DurationEditor done

Classes unloaded (20 events):
Event: 100556.525 Thread 0x000000014f108a90 Unloading class 0x00000088017cc000 'org/apache/catalina/loader/JdbcLeakPrevention'
Event: 100556.525 Thread 0x000000014f108a90 Unloading class 0x00000088017c9000 'org/apache/catalina/loader/JdbcLeakPrevention'
Event: 100556.525 Thread 0x000000014f108a90 Unloading class 0x00000088017c6000 'org/apache/catalina/loader/JdbcLeakPrevention'
Event: 100556.525 Thread 0x000000014f108a90 Unloading class 0x00000088017c2c00 'org/apache/catalina/loader/JdbcLeakPrevention'
Event: 100556.525 Thread 0x000000014f108a90 Unloading class 0x00000088010c8800 'org/apache/catalina/loader/JdbcLeakPrevention'
Event: 100559.971 Thread 0x000000014f108a90 Unloading class 0x00000088017ec000 'org/apache/catalina/loader/JdbcLeakPrevention'
Event: 100559.971 Thread 0x000000014f108a90 Unloading class 0x00000088017de000 'org/apache/catalina/loader/JdbcLeakPrevention'
Event: 100672.557 Thread 0x000000014f108a90 Unloading class 0x00000088017fc800 'jdk/internal/reflect/GeneratedSerializationConstructorAccessor176'
Event: 100672.557 Thread 0x000000014f108a90 Unloading class 0x00000088017fc400 'jdk/internal/reflect/GeneratedSerializationConstructorAccessor175'
Event: 100672.557 Thread 0x000000014f108a90 Unloading class 0x00000088017fc000 'jdk/internal/reflect/GeneratedSerializationConstructorAccessor174'
Event: 100672.557 Thread 0x000000014f108a90 Unloading class 0x00000088017fcc00 'org/apache/catalina/loader/JdbcLeakPrevention'
Event: 100672.557 Thread 0x000000014f108a90 Unloading class 0x00000088017f5c00 'org/apache/catalina/loader/JdbcLeakPrevention'
Event: 100672.557 Thread 0x000000014f108a90 Unloading class 0x00000088017f2000 'org/apache/catalina/loader/JdbcLeakPrevention'
Event: 100672.557 Thread 0x000000014f108a90 Unloading class 0x00000088017ef800 'org/apache/catalina/loader/JdbcLeakPrevention'
Event: 100672.557 Thread 0x000000014f108a90 Unloading class 0x00000088017c2800 'java/lang/invoke/LambdaForm$MH+0x00000088017c2800'
Event: 100672.557 Thread 0x000000014f108a90 Unloading class 0x00000088017c2400 'java/lang/invoke/LambdaForm$MH+0x00000088017c2400'
Event: 100672.557 Thread 0x000000014f108a90 Unloading class 0x00000088017c2000 'java/lang/invoke/LambdaForm$MH+0x00000088017c2000'
Event: 100729.395 Thread 0x000000014f108a90 Unloading class 0x0000008801803000 'org/apache/catalina/loader/JdbcLeakPrevention'
Event: 100729.395 Thread 0x000000014f108a90 Unloading class 0x00000088017c9000 'org/apache/catalina/loader/JdbcLeakPrevention'
Event: 100764.381 Thread 0x000000014f108a90 Unloading class 0x0000008801806000 'org/apache/catalina/loader/JdbcLeakPrevention'

Classes redefined (2 events):
Event: 310.442 Thread 0x000000014f108a90 redefined class name=com.cheetah.payments.paypal.service.orders.OrdersService, count=1
Event: 310.442 Thread 0x000000014f108a90 redefined class name=com.cheetah.payments.paypal.service.orders.OrdersService, count=1

Internal exceptions (20 events):
Event: 100729.576 Thread 0x000000012d89b000 Exception <a 'java/lang/NoClassDefFoundError'{0x0000000407ef1ab8}: liquibase/integration/spring/SpringLiquibase> (0x0000000407ef1ab8) 
thrown [open/src/hotspot/share/oops/constantPool.cpp, line 871]
Event: 100729.598 Thread 0x000000012d89b000 Exception <a 'java/io/FileNotFoundException'{0x00000004073e7cd8}> (0x00000004073e7cd8) 
thrown [open/src/hotspot/share/prims/jni.cpp, line 520]
Event: 100729.617 Thread 0x000000012d89b000 Exception <a 'java/io/FileNotFoundException'{0x000000040776e538}> (0x000000040776e538) 
thrown [open/src/hotspot/share/prims/jni.cpp, line 520]
Event: 100764.350 Thread 0x00000001268dc400 Exception <a 'java/lang/InterruptedException'{0x00000004065d8278}: sleep interrupted> (0x00000004065d8278) 
thrown [open/src/hotspot/share/prims/jvm.cpp, line 3074]
Event: 100764.353 Thread 0x000000014fb2f000 Exception <a 'java/lang/InterruptedException'{0x000000040550c840}: sleep interrupted> (0x000000040550c840) 
thrown [open/src/hotspot/share/prims/jvm.cpp, line 3074]
Event: 100764.417 Thread 0x00000001480aa600 Exception <a 'sun/nio/fs/UnixException'{0x000000040988ce28}> (0x000000040988ce28) 
thrown [open/src/hotspot/share/prims/jni.cpp, line 520]
Event: 100764.441 Thread 0x000000012688fe00 Exception <a 'java/lang/NoClassDefFoundError'{0x0000000409e4b2a8}: org/glassfish/jersey/server/monitoring/ApplicationEventListener> (0x0000000409e4b2a8) 
thrown [open/src/hotspot/share/classfile/systemDictionary.cpp, line 301]
Event: 100764.550 Thread 0x00000001480aa600 Exception <a 'java/lang/NoClassDefFoundError'{0x0000000407e9f1a0}: org/flywaydb/core/Flyway> (0x0000000407e9f1a0) 
thrown [open/src/hotspot/share/oops/constantPool.cpp, line 871]
Event: 100764.551 Thread 0x00000001480aa600 Exception <a 'java/lang/NoClassDefFoundError'{0x0000000407e9f800}: liquibase/integration/spring/SpringLiquibase> (0x0000000407e9f800) 
thrown [open/src/hotspot/share/oops/constantPool.cpp, line 871]
Event: 100764.571 Thread 0x00000001480aa600 Exception <a 'java/io/FileNotFoundException'{0x0000000407394880}> (0x0000000407394880) 
thrown [open/src/hotspot/share/prims/jni.cpp, line 520]
Event: 100764.588 Thread 0x00000001480aa600 Exception <a 'java/io/FileNotFoundException'{0x0000000407719d28}> (0x0000000407719d28) 
thrown [open/src/hotspot/share/prims/jni.cpp, line 520]
Event: 100802.303 Thread 0x0000000148060200 Exception <a 'java/lang/NoSuchMethodError'{0x000000040549d1b0}: static [B.<clinit>()V> (0x000000040549d1b0) 
thrown [open/src/hotspot/share/prims/jni.cpp, line 1106]
Event: 100812.248 Thread 0x000000012d8de600 Exception <a 'java/lang/InterruptedException'{0x000000040655dd28}: sleep interrupted> (0x000000040655dd28) 
thrown [open/src/hotspot/share/prims/jvm.cpp, line 3074]
Event: 100812.251 Thread 0x000000012d8e4200 Exception <a 'java/lang/InterruptedException'{0x0000000405654e20}: sleep interrupted> (0x0000000405654e20) 
thrown [open/src/hotspot/share/prims/jvm.cpp, line 3074]
Event: 100812.313 Thread 0x000000014800f600 Exception <a 'sun/nio/fs/UnixException'{0x0000000409889ba0}> (0x0000000409889ba0) 
thrown [open/src/hotspot/share/prims/jni.cpp, line 520]
Event: 100812.332 Thread 0x000000012f90fa00 Exception <a 'java/lang/NoClassDefFoundError'{0x0000000409d83218}: org/glassfish/jersey/server/monitoring/ApplicationEventListener> (0x0000000409d83218) 
thrown [open/src/hotspot/share/classfile/systemDictionary.cpp, line 301]
Event: 100812.451 Thread 0x000000014800f600 Exception <a 'java/lang/NoClassDefFoundError'{0x0000000407e9d1c8}: org/flywaydb/core/Flyway> (0x0000000407e9d1c8) 
thrown [open/src/hotspot/share/oops/constantPool.cpp, line 871]
Event: 100812.452 Thread 0x000000014800f600 Exception <a 'java/lang/NoClassDefFoundError'{0x0000000407e9d828}: liquibase/integration/spring/SpringLiquibase> (0x0000000407e9d828) 
thrown [open/src/hotspot/share/oops/constantPool.cpp, line 871]
Event: 100812.472 Thread 0x000000014800f600 Exception <a 'java/io/FileNotFoundException'{0x0000000407393e30}> (0x0000000407393e30) 
thrown [open/src/hotspot/share/prims/jni.cpp, line 520]
Event: 100812.491 Thread 0x000000014800f600 Exception <a 'java/io/FileNotFoundException'{0x0000000407719a40}> (0x0000000407719a40) 
thrown [open/src/hotspot/share/prims/jni.cpp, line 520]

ZGC Phase Switch (0 events):
No events

VM Operations (20 events):
Event: 101647.252 Executing VM operation: get/set locals done
Event: 101647.252 Executing VM operation: get/set locals
Event: 101647.253 Executing VM operation: get/set locals done
Event: 101647.253 Executing VM operation: get/set locals
Event: 101647.253 Executing VM operation: get/set locals done
Event: 101647.253 Executing VM operation: get/set locals
Event: 101647.253 Executing VM operation: get/set locals done
Event: 101647.254 Executing VM operation: get/set locals
Event: 101647.254 Executing VM operation: get/set locals done
Event: 101647.254 Executing VM operation: get/set locals
Event: 101647.254 Executing VM operation: get/set locals done
Event: 101647.254 Executing VM operation: get/set locals
Event: 101647.254 Executing VM operation: get/set locals done
Event: 101647.255 Executing VM operation: get/set locals
Event: 101647.255 Executing VM operation: get/set locals done
Event: 101647.255 Executing VM operation: get/set locals
Event: 101647.255 Executing VM operation: get/set locals done
Event: 101647.255 Executing VM operation: get/set locals
Event: 101647.255 Executing VM operation: get/set locals done
Event: 101652.825 Executing VM operation: G1CollectForAllocation (G1 Evacuation Pause)

Events (20 events):
Event: 100812.310 Thread 0x000000014800f600 Thread added: 0x000000014800f600
Event: 100812.310 Protecting memory [0x0000000172230000,0x000000017223c000] with protection modes 0
Event: 100812.327 Thread 0x000000012f90fa00 Thread added: 0x000000012f90fa00
Event: 100812.327 Protecting memory [0x000000017243c000,0x0000000172448000] with protection modes 0
Event: 100812.339 Protecting memory [0x000000017243c000,0x0000000172448000] with protection modes 3
Event: 100812.339 Thread 0x000000012f90fa00 Thread exited: 0x000000012f90fa00
Event: 100812.491 Thread 0x00000001480acc00 Thread added: 0x00000001480acc00
Event: 100812.491 Protecting memory [0x000000017243c000,0x0000000172448000] with protection modes 0
Event: 100812.491 Thread 0x00000001480ad400 Thread added: 0x00000001480ad400
Event: 100812.491 Protecting memory [0x0000000172854000,0x0000000172860000] with protection modes 0
Event: 100812.491 Thread 0x00000001480ab600 Thread added: 0x00000001480ab600
Event: 100812.491 Protecting memory [0x0000000172a60000,0x0000000172a6c000] with protection modes 0
Event: 100812.522 Thread 0x000000012d8d6800 Thread added: 0x000000012d8d6800
Event: 100812.522 Protecting memory [0x0000000172c6c000,0x0000000172c78000] with protection modes 0
Event: 100812.522 Protecting memory [0x0000000172c6c000,0x0000000172c78000] with protection modes 3
Event: 100812.522 Thread 0x000000012d8d6800 Thread exited: 0x000000012d8d6800
Event: 100812.753 Thread 0x00000001269de800 Thread added: 0x00000001269de800
Event: 100812.753 Protecting memory [0x0000000172c6c000,0x0000000172c78000] with protection modes 0
Event: 100822.764 Protecting memory [0x0000000172c6c000,0x0000000172c78000] with protection modes 3
Event: 100822.764 Thread 0x00000001269de800 Thread exited: 0x00000001269de800


Dynamic libraries:
0x0000000102bbc000 	/opt/java/jdk-21.0.1.jdk/Contents/Home/lib/libjli.dylib
0x00000001be596000 	/System/Library/Frameworks/Cocoa.framework/Versions/A/Cocoa
0x00000001a9289000 	/System/Library/Frameworks/AppKit.framework/Versions/C/AppKit
0x00000001abc8b000 	/System/Library/Frameworks/CoreData.framework/Versions/A/CoreData
0x00000001a6fbd000 	/System/Library/Frameworks/Foundation.framework/Versions/C/Foundation
0x00000001b194e000 	/usr/lib/libSystem.B.dylib
0x00000001aa198000 	/System/Library/PrivateFrameworks/UIFoundation.framework/Versions/A/UIFoundation
0x0000000214aef000 	/System/Library/PrivateFrameworks/CollectionViewCore.framework/Versions/A/CollectionViewCore
0x00000001b88bb000 	/System/Library/PrivateFrameworks/RemoteViewServices.framework/Versions/A/RemoteViewServices
0x00000001afc06000 	/System/Library/PrivateFrameworks/XCTTargetBootstrap.framework/Versions/A/XCTTargetBootstrap
0x00000001b435c000 	/System/Library/PrivateFrameworks/InternationalSupport.framework/Versions/A/InternationalSupport
0x00000001b43e3000 	/System/Library/PrivateFrameworks/UserActivity.framework/Versions/A/UserActivity
0x000000022cba7000 	/System/Library/PrivateFrameworks/WindowManagement.framework/Versions/A/WindowManagement
0x00000001a6c8a000 	/System/Library/Frameworks/SystemConfiguration.framework/Versions/A/SystemConfiguration
0x00000001b3842000 	/usr/lib/libspindump.dylib
0x00000001aa33e000 	/System/Library/Frameworks/UniformTypeIdentifiers.framework/Versions/A/UniformTypeIdentifiers
0x00000001adc13000 	/usr/lib/libapp_launch_measurement.dylib
0x00000001ad0c6000 	/System/Library/PrivateFrameworks/CoreAnalytics.framework/Versions/A/CoreAnalytics
0x00000001adc1a000 	/System/Library/PrivateFrameworks/CoreAutoLayout.framework/Versions/A/CoreAutoLayout
0x00000001af40c000 	/System/Library/Frameworks/Metal.framework/Versions/A/Metal
0x00000001b0333000 	/usr/lib/liblangid.dylib
0x00000001afc0c000 	/System/Library/PrivateFrameworks/CoreSVG.framework/Versions/A/CoreSVG
0x00000001aaca9000 	/System/Library/PrivateFrameworks/SkyLight.framework/Versions/A/SkyLight
0x00000001ab0d5000 	/System/Library/Frameworks/CoreGraphics.framework/Versions/A/CoreGraphics
0x00000001b8f97000 	/System/Library/Frameworks/Accelerate.framework/Versions/A/Accelerate
0x00000001b32af000 	/System/Library/PrivateFrameworks/IconServices.framework/Versions/A/IconServices
0x00000001af3ea000 	/System/Library/Frameworks/IOSurface.framework/Versions/A/IOSurface
0x00000001ad0f4000 	/usr/lib/libDiagnosticMessagesClient.dylib
0x00000001b1894000 	/usr/lib/libz.1.dylib
0x00000001bc3b0000 	/System/Library/Frameworks/ApplicationServices.framework/Versions/A/ApplicationServices
0x00000001afbee000 	/System/Library/PrivateFrameworks/DFRFoundation.framework/Versions/A/DFRFoundation
0x00000001a8b06000 	/usr/lib/libicucore.A.dylib
0x00000001b52f4000 	/System/Library/Frameworks/AudioToolbox.framework/Versions/A/AudioToolbox
0x00000001b4367000 	/System/Library/PrivateFrameworks/DataDetectorsCore.framework/Versions/A/DataDetectorsCore
0x00000001cbb63000 	/System/Library/PrivateFrameworks/TextInput.framework/Versions/A/TextInput
0x00000001aac0c000 	/usr/lib/libMobileGestalt.dylib
0x00000001af8ba000 	/System/Library/Frameworks/Carbon.framework/Versions/A/Frameworks/HIToolbox.framework/Versions/A/HIToolbox
0x00000001ad582000 	/System/Library/Frameworks/QuartzCore.framework/Versions/A/QuartzCore
0x00000001a8754000 	/System/Library/Frameworks/Security.framework/Versions/A/Security
0x00000001b88fb000 	/System/Library/Frameworks/Carbon.framework/Versions/A/Frameworks/SpeechRecognition.framework/Versions/A/SpeechRecognition
0x00000001ad952000 	/System/Library/PrivateFrameworks/CoreUI.framework/Versions/A/CoreUI
0x00000001a80c0000 	/System/Library/Frameworks/CoreAudio.framework/Versions/A/CoreAudio
0x00000001ad1d0000 	/System/Library/Frameworks/DiskArbitration.framework/Versions/A/DiskArbitration
0x00000001b3c83000 	/System/Library/PrivateFrameworks/MultitouchSupport.framework/Versions/A/MultitouchSupport
0x00000001aac0a000 	/usr/lib/libenergytrace.dylib
0x00000001a9149000 	/System/Library/Frameworks/IOKit.framework/Versions/A/IOKit
0x00000001b8ce6000 	/System/Library/Frameworks/CoreServices.framework/Versions/A/CoreServices
0x00000001adba0000 	/System/Library/PrivateFrameworks/PerformanceAnalysis.framework/Versions/A/PerformanceAnalysis
0x000000020ab14000 	/System/Library/Frameworks/OpenGL.framework/Versions/A/OpenGL
0x00000001adc64000 	/usr/lib/libxml2.2.dylib
0x00000001b0deb000 	/System/Library/PrivateFrameworks/MobileKeyBag.framework/Versions/A/MobileKeyBag
0x00000001a5c20000 	/usr/lib/libobjc.A.dylib
0x00000001a5eda000 	/usr/lib/libc++.1.dylib
0x00000001ab71c000 	/System/Library/Frameworks/ColorSync.framework/Versions/A/ColorSync
0x00000001a6023000 	/System/Library/Frameworks/CoreFoundation.framework/Versions/A/CoreFoundation
0x00000001aff48000 	/System/Library/Frameworks/CoreImage.framework/Versions/A/CoreImage
0x00000001a7edd000 	/System/Library/Frameworks/CoreText.framework/Versions/A/CoreText
0x00000001afc44000 	/System/Library/Frameworks/ImageIO.framework/Versions/A/ImageIO
0x00000001b1954000 	/System/Library/PrivateFrameworks/SoftLinking.framework/Versions/A/SoftLinking
0x00000001b1bea000 	/usr/lib/libcompression.dylib
0x00000001b42b7000 	/System/Library/PrivateFrameworks/TextureIO.framework/Versions/A/TextureIO
0x00000001b2f7c000 	/usr/lib/libate.dylib
0x00000001b1948000 	/usr/lib/system/libcache.dylib
0x00000001b1904000 	/usr/lib/system/libcommonCrypto.dylib
0x00000001b192f000 	/usr/lib/system/libcompiler_rt.dylib
0x00000001b1925000 	/usr/lib/system/libcopyfile.dylib
0x00000001a5d59000 	/usr/lib/system/libcorecrypto.dylib
0x00000001a5e10000 	/usr/lib/system/libdispatch.dylib
0x00000001a5fca000 	/usr/lib/system/libdyld.dylib
0x00000001b193e000 	/usr/lib/system/libkeymgr.dylib
0x00000001b18de000 	/usr/lib/system/libmacho.dylib
0x00000001b0ee3000 	/usr/lib/system/libquarantine.dylib
0x00000001b193b000 	/usr/lib/system/libremovefile.dylib
0x00000001aac73000 	/usr/lib/system/libsystem_asl.dylib
0x00000001a5cf5000 	/usr/lib/system/libsystem_blocks.dylib
0x00000001a5e5b000 	/usr/lib/system/libsystem_c.dylib
0x00000001b1933000 	/usr/lib/system/libsystem_collections.dylib
0x00000001b0322000 	/usr/lib/system/libsystem_configuration.dylib
0x00000001af3b8000 	/usr/lib/system/libsystem_containermanager.dylib
0x00000001b15d2000 	/usr/lib/system/libsystem_coreservices.dylib
0x00000001a8dba000 	/usr/lib/system/libsystem_darwin.dylib
0x00000001b193f000 	/usr/lib/system/libsystem_dnssd.dylib
0x00000001a5e58000 	/usr/lib/system/libsystem_featureflags.dylib
0x00000001a5ff6000 	/usr/lib/system/libsystem_info.dylib
0x00000001b18a6000 	/usr/lib/system/libsystem_m.dylib
0x00000001a5de4000 	/usr/lib/system/libsystem_malloc.dylib
0x00000001aabf1000 	/usr/lib/system/libsystem_networkextension.dylib
0x00000001a9224000 	/usr/lib/system/libsystem_notify.dylib
0x00000001b0327000 	/usr/lib/system/libsystem_sandbox.dylib
0x00000001b1938000 	/usr/lib/system/libsystem_secinit.dylib
0x00000001a5f83000 	/usr/lib/system/libsystem_kernel.dylib
0x00000001a5fef000 	/usr/lib/system/libsystem_platform.dylib
0x00000001a5fbd000 	/usr/lib/system/libsystem_pthread.dylib
0x00000001ac43b000 	/usr/lib/system/libsystem_symptoms.dylib
0x00000001a5d3e000 	/usr/lib/system/libsystem_trace.dylib
0x00000001b1912000 	/usr/lib/system/libunwind.dylib
0x00000001a5cfa000 	/usr/lib/system/libxpc.dylib
0x00000001a5f67000 	/usr/lib/libc++abi.dylib
0x00000001b191d000 	/usr/lib/liboah.dylib
0x00000001b2e36000 	/usr/lib/liblzma.5.dylib
0x00000001b1950000 	/usr/lib/libfakelink.dylib
0x00000001aa82d000 	/System/Library/Frameworks/CFNetwork.framework/Versions/A/CFNetwork
0x00000001b1a8e000 	/usr/lib/libarchive.2.dylib
0x00000001b6c20000 	/System/Library/Frameworks/Combine.framework/Versions/A/Combine
0x00000001b4cd3000 	/usr/lib/swift/libswiftCore.dylib
0x00000001c8bf0000 	/usr/lib/swift/libswiftCoreFoundation.dylib
0x00000001c6b63000 	/usr/lib/swift/libswiftDarwin.dylib
0x00000001ba231000 	/usr/lib/swift/libswiftDispatch.dylib
0x00000001c8c11000 	/usr/lib/swift/libswiftIOKit.dylib
0x00000001bc7e6000 	/usr/lib/swift/libswiftObjectiveC.dylib
0x00000001c8c04000 	/usr/lib/swift/libswiftXPC.dylib
0x0000000233622000 	/usr/lib/swift/libswift_Concurrency.dylib
0x0000000233770000 	/usr/lib/swift/libswift_StringProcessing.dylib
0x00000001bc7ea000 	/usr/lib/swift/libswiftos.dylib
0x00000001a90cd000 	/System/Library/PrivateFrameworks/CoreServicesInternal.framework/Versions/A/CoreServicesInternal
0x00000001b0f0a000 	/usr/lib/libbsm.0.dylib
0x00000001b18e4000 	/usr/lib/system/libkxld.dylib
0x00000001adbdc000 	/System/Library/Frameworks/CoreServices.framework/Versions/A/Frameworks/FSEvents.framework/Versions/A/FSEvents
0x00000001a8dc5000 	/System/Library/Frameworks/CoreServices.framework/Versions/A/Frameworks/CarbonCore.framework/Versions/A/CarbonCore
0x00000001ad138000 	/System/Library/Frameworks/CoreServices.framework/Versions/A/Frameworks/Metadata.framework/Versions/A/Metadata
0x00000001b15d8000 	/System/Library/Frameworks/CoreServices.framework/Versions/A/Frameworks/OSServices.framework/Versions/A/OSServices
0x00000001b1b16000 	/System/Library/Frameworks/CoreServices.framework/Versions/A/Frameworks/SearchKit.framework/Versions/A/SearchKit
0x00000001ac3bd000 	/System/Library/Frameworks/CoreServices.framework/Versions/A/Frameworks/AE.framework/Versions/A/AE
0x00000001a64fd000 	/System/Library/Frameworks/CoreServices.framework/Versions/A/Frameworks/LaunchServices.framework/Versions/A/LaunchServices
0x00000001b2ddf000 	/System/Library/Frameworks/CoreServices.framework/Versions/A/Frameworks/DictionaryServices.framework/Versions/A/DictionaryServices
0x00000001adbe9000 	/System/Library/Frameworks/CoreServices.framework/Versions/A/Frameworks/SharedFileList.framework/Versions/A/SharedFileList
0x00000001b1bb4000 	/usr/lib/libapple_nghttp2.dylib
0x00000001aa829000 	/usr/lib/libnetwork.dylib
0x00000001ac06c000 	/usr/lib/libsqlite3.dylib
0x00000001ac444000 	/System/Library/Frameworks/Network.framework/Versions/A/Network
0x000000023270f000 	/usr/lib/libCoreEntitlements.dylib
0x000000021e6c6000 	/System/Library/PrivateFrameworks/MessageSecurity.framework/Versions/A/MessageSecurity
0x00000001ac052000 	/System/Library/PrivateFrameworks/ProtocolBuffer.framework/Versions/A/ProtocolBuffer
0x00000001b1500000 	/System/Library/PrivateFrameworks/AppleFSCompression.framework/Versions/A/AppleFSCompression
0x00000001b0ef2000 	/usr/lib/libcoretls.dylib
0x00000001b2e4f000 	/usr/lib/libcoretls_cfhelpers.dylib
0x00000001b1be4000 	/usr/lib/libpam.2.dylib
0x00000001b2eba000 	/usr/lib/libxar.1.dylib
0x00000001b3289000 	/usr/lib/libheimdal-asn1.dylib
0x00000001b1955000 	/usr/lib/libpcap.A.dylib
0x00000001ac431000 	/usr/lib/libdns_services.dylib
0x00000001b032f000 	/System/Library/PrivateFrameworks/AppleSystemInfo.framework/Versions/A/AppleSystemInfo
0x00000001b0be6000 	/System/Library/PrivateFrameworks/IOMobileFramebuffer.framework/Versions/A/IOMobileFramebuffer
0x00000001b15c5000 	/usr/lib/libbz2.1.0.dylib
0x00000001b0ee6000 	/usr/lib/libCheckFix.dylib
0x00000001aac8b000 	/System/Library/PrivateFrameworks/TCC.framework/Versions/A/TCC
0x00000001b0335000 	/System/Library/PrivateFrameworks/CoreNLP.framework/Versions/A/CoreNLP
0x00000001ad0f6000 	/System/Library/PrivateFrameworks/MetadataUtilities.framework/Versions/A/MetadataUtilities
0x00000001b0f1c000 	/usr/lib/libmecab.dylib
0x00000001a6d14000 	/usr/lib/libCRFSuite.dylib
0x00000001b0f78000 	/usr/lib/libgermantok.dylib
0x00000001b1b8d000 	/usr/lib/libThaiTokenizer.dylib
0x00000001ad1d9000 	/System/Library/Frameworks/Accelerate.framework/Versions/A/Frameworks/vImage.framework/Versions/A/vImage
0x00000001b8cbd000 	/System/Library/Frameworks/Accelerate.framework/Versions/A/Frameworks/vecLib.framework/Versions/A/vecLib
0x00000001b2f00000 	/System/Library/Frameworks/Accelerate.framework/Versions/A/Frameworks/vecLib.framework/Versions/A/libvMisc.dylib
0x00000001b0ae5000 	/System/Library/Frameworks/Accelerate.framework/Versions/A/Frameworks/vecLib.framework/Versions/A/libvDSP.dylib
0x00000001a68b5000 	/System/Library/Frameworks/Accelerate.framework/Versions/A/Frameworks/vecLib.framework/Versions/A/libBLAS.dylib
0x00000001b1cbf000 	/System/Library/Frameworks/Accelerate.framework/Versions/A/Frameworks/vecLib.framework/Versions/A/libLAPACK.dylib
0x00000001b0f7b000 	/System/Library/Frameworks/Accelerate.framework/Versions/A/Frameworks/vecLib.framework/Versions/A/libLinearAlgebra.dylib
0x00000001b1bcf000 	/System/Library/Frameworks/Accelerate.framework/Versions/A/Frameworks/vecLib.framework/Versions/A/libSparseBLAS.dylib
0x00000001b1cba000 	/System/Library/Frameworks/Accelerate.framework/Versions/A/Frameworks/vecLib.framework/Versions/A/libQuadrature.dylib
0x00000001b042a000 	/System/Library/Frameworks/Accelerate.framework/Versions/A/Frameworks/vecLib.framework/Versions/A/libBNNS.dylib
0x00000001a6c22000 	/System/Library/Frameworks/Accelerate.framework/Versions/A/Frameworks/vecLib.framework/Versions/A/libSparse.dylib
0x000000021d8f4000 	/System/Library/PrivateFrameworks/MIL.framework/Versions/A/MIL
0x00000001b198a000 	/usr/lib/libiconv.2.dylib
0x00000001b18dd000 	/usr/lib/libcharset.1.dylib
0x00000001adbbc000 	/System/Library/Frameworks/OpenDirectory.framework/Versions/A/Frameworks/CFOpenDirectory.framework/Versions/A/CFOpenDirectory
0x00000001adbac000 	/System/Library/Frameworks/OpenDirectory.framework/Versions/A/OpenDirectory
0x00000001b2e51000 	/System/Library/PrivateFrameworks/APFS.framework/Versions/A/APFS
0x00000001b0e21000 	/System/Library/Frameworks/SecurityFoundation.framework/Versions/A/SecurityFoundation
0x00000001b2ec9000 	/usr/lib/libutil.dylib
0x000000021c74e000 	/System/Library/PrivateFrameworks/InstalledContentLibrary.framework/Versions/A/InstalledContentLibrary
0x00000001a910c000 	/System/Library/PrivateFrameworks/CoreServicesStore.framework/Versions/A/CoreServicesStore
0x0000000213496000 	/System/Library/PrivateFrameworks/AppleMobileFileIntegrity.framework/Versions/A/AppleMobileFileIntegrity
0x00000001c8bd0000 	/usr/lib/libmis.dylib
0x00000001d6d99000 	/System/Library/PrivateFrameworks/MobileSystemServices.framework/Versions/A/MobileSystemServices
0x00000001f22d2000 	/System/Library/PrivateFrameworks/ConfigProfileHelper.framework/Versions/A/ConfigProfileHelper
0x00000001b1b8f000 	/System/Library/PrivateFrameworks/AppleSauce.framework/Versions/A/AppleSauce
0x00000001a7983000 	/System/Library/PrivateFrameworks/LanguageModeling.framework/Versions/A/LanguageModeling
0x00000001b2ecd000 	/usr/lib/libxslt.1.dylib
0x00000001b1a7c000 	/usr/lib/libcmph.dylib
0x00000001b0bd3000 	/System/Library/PrivateFrameworks/CoreEmoji.framework/Versions/A/CoreEmoji
0x00000001b0424000 	/System/Library/PrivateFrameworks/LinguisticData.framework/Versions/A/LinguisticData
0x00000001a6bda000 	/System/Library/PrivateFrameworks/Lexicon.framework/Versions/A/Lexicon
0x00000001b0eb3000 	/System/Library/PrivateFrameworks/BackgroundTaskManagement.framework/Versions/A/BackgroundTaskManagement
0x00000002328b2000 	/usr/lib/libTLE.dylib
0x00000002336c0000 	/usr/lib/swift/libswift_RegexParser.dylib
0x00000001b3b48000 	/System/Library/PrivateFrameworks/AppleJPEG.framework/Versions/A/AppleJPEG
0x00000001b326e000 	/usr/lib/libexpat.1.dylib
0x00000001b411a000 	/System/Library/Frameworks/ImageIO.framework/Versions/A/Resources/libPng.dylib
0x00000001b4145000 	/System/Library/Frameworks/ImageIO.framework/Versions/A/Resources/libTIFF.dylib
0x00000001b422d000 	/System/Library/Frameworks/ImageIO.framework/Versions/A/Resources/libGIF.dylib
0x00000001b3b8e000 	/System/Library/Frameworks/ImageIO.framework/Versions/A/Resources/libJP2.dylib
0x00000001b41d2000 	/System/Library/Frameworks/ImageIO.framework/Versions/A/Resources/libJPEG.dylib
0x00000001b41c9000 	/System/Library/Frameworks/ImageIO.framework/Versions/A/Resources/libRadiance.dylib
0x00000001af747000 	/System/Library/PrivateFrameworks/FontServices.framework/libFontParser.dylib
0x00000001ac35e000 	/System/Library/PrivateFrameworks/RunningBoardServices.framework/Versions/A/RunningBoardServices
0x00000001bed41000 	/System/Library/PrivateFrameworks/IOSurfaceAccelerator.framework/Versions/A/IOSurfaceAccelerator
0x00000001b3c7f000 	/System/Library/PrivateFrameworks/WatchdogClient.framework/Versions/A/WatchdogClient
0x00000001a7aff000 	/System/Library/Frameworks/CoreDisplay.framework/Versions/A/CoreDisplay
0x00000001af61e000 	/System/Library/Frameworks/CoreMedia.framework/Versions/A/CoreMedia
0x00000001af402000 	/System/Library/PrivateFrameworks/IOAccelerator.framework/Versions/A/IOAccelerator
0x00000001add4d000 	/System/Library/Frameworks/CoreVideo.framework/Versions/A/CoreVideo
0x00000001b1be2000 	/System/Library/Frameworks/MetalPerformanceShaders.framework/Versions/A/MetalPerformanceShaders
0x00000001b3cc0000 	/System/Library/Frameworks/VideoToolbox.framework/Versions/A/VideoToolbox
0x00000001ac29b000 	/System/Library/PrivateFrameworks/BaseBoard.framework/Versions/A/BaseBoard
0x00000001b41c4000 	/System/Library/PrivateFrameworks/GPUWrangler.framework/Versions/A/GPUWrangler
0x00000001b41a4000 	/System/Library/PrivateFrameworks/IOPresentment.framework/Versions/A/IOPresentment
0x00000001b41cc000 	/System/Library/PrivateFrameworks/DSExternalDisplay.framework/Versions/A/DSExternalDisplay
0x0000000218d8d000 	/System/Library/PrivateFrameworks/GPUCompiler.framework/Versions/31001/Libraries/libllvm-flatbuffers.dylib
0x000000020ab07000 	/System/Library/Frameworks/OpenGL.framework/Versions/A/Libraries/libCoreFSCache.dylib
0x0000000218d89000 	/System/Library/PrivateFrameworks/GPUCompiler.framework/Versions/31001/Libraries/libGPUCompilerUtils.dylib
0x00000001b4233000 	/System/Library/PrivateFrameworks/CMCaptureCore.framework/Versions/A/CMCaptureCore
0x000000020d495000 	/System/Library/Frameworks/ExtensionFoundation.framework/Versions/A/ExtensionFoundation
0x00000001ba9ec000 	/System/Library/PrivateFrameworks/CoreTime.framework/Versions/A/CoreTime
0x00000001b382d000 	/System/Library/PrivateFrameworks/AppServerSupport.framework/Versions/A/AppServerSupport
0x00000001b5bd8000 	/System/Library/PrivateFrameworks/perfdata.framework/Versions/A/perfdata
0x00000001a7c1f000 	/System/Library/PrivateFrameworks/AudioToolboxCore.framework/Versions/A/AudioToolboxCore
0x00000001af5f5000 	/System/Library/PrivateFrameworks/caulk.framework/Versions/A/caulk
0x00000001b548f000 	/usr/lib/libAudioStatistics.dylib
0x00000001c8012000 	/System/Library/PrivateFrameworks/SystemPolicy.framework/Versions/A/SystemPolicy
0x00000001b572f000 	/usr/lib/libSMC.dylib
0x00000001be45f000 	/System/Library/Frameworks/CoreMIDI.framework/Versions/A/CoreMIDI
0x00000001b40e7000 	/usr/lib/libAudioToolboxUtility.dylib
0x00000001c3c92000 	/System/Library/PrivateFrameworks/OSAServicesClient.framework/Versions/A/OSAServicesClient
0x00000001b5be6000 	/usr/lib/libperfcheck.dylib
0x00000001b3159000 	/System/Library/PrivateFrameworks/PlugInKit.framework/Versions/A/PlugInKit
0x00000001b0e13000 	/System/Library/PrivateFrameworks/AssertionServices.framework/Versions/A/AssertionServices
0x000000020ab69000 	/System/Library/Frameworks/OpenGL.framework/Versions/A/Libraries/libGLU.dylib
0x000000020ab28000 	/System/Library/Frameworks/OpenGL.framework/Versions/A/Libraries/libGFXShared.dylib
0x000000020ad03000 	/System/Library/Frameworks/OpenGL.framework/Versions/A/Libraries/libGL.dylib
0x000000020ab31000 	/System/Library/Frameworks/OpenGL.framework/Versions/A/Libraries/libGLImage.dylib
0x000000020ab25000 	/System/Library/Frameworks/OpenGL.framework/Versions/A/Libraries/libCVMSPluginSupport.dylib
0x0000000232891000 	/usr/lib/libRosetta.dylib
0x000000020ab0e000 	/System/Library/Frameworks/OpenGL.framework/Versions/A/Libraries/libCoreVMClient.dylib
0x00000001b02a6000 	/System/Library/Frameworks/MetalPerformanceShaders.framework/Versions/A/Frameworks/MPSCore.framework/Versions/A/MPSCore
0x00000001b1476000 	/System/Library/Frameworks/MetalPerformanceShaders.framework/Versions/A/Frameworks/MPSImage.framework/Versions/A/MPSImage
0x00000001b0f90000 	/System/Library/Frameworks/MetalPerformanceShaders.framework/Versions/A/Frameworks/MPSNeuralNetwork.framework/Versions/A/MPSNeuralNetwork
0x00000001b1378000 	/System/Library/Frameworks/MetalPerformanceShaders.framework/Versions/A/Frameworks/MPSMatrix.framework/Versions/A/MPSMatrix
0x00000001b118a000 	/System/Library/Frameworks/MetalPerformanceShaders.framework/Versions/A/Frameworks/MPSRayIntersector.framework/Versions/A/MPSRayIntersector
0x00000001b13a7000 	/System/Library/Frameworks/MetalPerformanceShaders.framework/Versions/A/Frameworks/MPSNDArray.framework/Versions/A/MPSNDArray
0x000000020e965000 	/System/Library/Frameworks/MetalPerformanceShaders.framework/Versions/A/Frameworks/MPSFunctions.framework/Versions/A/MPSFunctions
0x00000001a677a000 	/System/Library/PrivateFrameworks/MetalTools.framework/Versions/A/MetalTools
0x00000001b032d000 	/System/Library/PrivateFrameworks/AggregateDictionary.framework/Versions/A/AggregateDictionary
0x00000001b3011000 	/usr/lib/libIOReport.dylib
0x00000001bd64f000 	/System/Library/PrivateFrameworks/ASEProcessing.framework/Versions/A/ASEProcessing
0x0000000221747000 	/System/Library/PrivateFrameworks/PhotosensitivityProcessing.framework/Versions/A/PhotosensitivityProcessing
0x00000001b33cb000 	/System/Library/PrivateFrameworks/GraphVisualizer.framework/Versions/A/GraphVisualizer
0x0000000218caa000 	/System/Library/PrivateFrameworks/FontServices.framework/Versions/A/FontServices
0x00000001b37eb000 	/System/Library/PrivateFrameworks/OTSVG.framework/Versions/A/OTSVG
0x00000001ad900000 	/System/Library/Frameworks/ApplicationServices.framework/Versions/A/Frameworks/ATS.framework/Versions/A/Resources/libFontRegistry.dylib
0x00000001b3837000 	/System/Library/PrivateFrameworks/FontServices.framework/libhvf.dylib
0x0000000218cab000 	/System/Library/PrivateFrameworks/FontServices.framework/libXTFontStaticRegistryData.dylib
0x00000001d3411000 	/usr/lib/swift/libswiftMetal.dylib
0x00000001cbac9000 	/usr/lib/swift/libswiftsimd.dylib
0x000000022b710000 	/System/Library/PrivateFrameworks/VideoToolboxParavirtualizationSupport.framework/Versions/A/VideoToolboxParavirtualizationSupport
0x00000001b3222000 	/System/Library/PrivateFrameworks/AppleVA.framework/Versions/A/AppleVA
0x00000001b54cf000 	/System/Library/Frameworks/ApplicationServices.framework/Versions/A/Frameworks/ATS.framework/Versions/A/ATS
0x00000001ab80e000 	/System/Library/Frameworks/ApplicationServices.framework/Versions/A/Frameworks/HIServices.framework/Versions/A/HIServices
0x00000001b423f000 	/System/Library/Frameworks/ApplicationServices.framework/Versions/A/Frameworks/PrintCore.framework/Versions/A/PrintCore
0x00000001b5888000 	/System/Library/Frameworks/ApplicationServices.framework/Versions/A/Frameworks/QD.framework/Versions/A/QD
0x00000001b587c000 	/System/Library/Frameworks/ApplicationServices.framework/Versions/A/Frameworks/ColorSyncLegacy.framework/Versions/A/ColorSyncLegacy
0x00000001b54a3000 	/System/Library/Frameworks/ApplicationServices.framework/Versions/A/Frameworks/SpeechSynthesis.framework/Versions/A/SpeechSynthesis
0x00000001b41fd000 	/System/Library/Frameworks/ApplicationServices.framework/Versions/A/Frameworks/ATSUI.framework/Versions/A/ATSUI
0x00000001b580f000 	/usr/lib/libcups.2.dylib
0x00000001b5bf4000 	/System/Library/Frameworks/Kerberos.framework/Versions/A/Kerberos
0x00000001b5c05000 	/System/Library/Frameworks/GSS.framework/Versions/A/GSS
0x00000001b5541000 	/usr/lib/libresolv.9.dylib
0x00000001b3847000 	/System/Library/PrivateFrameworks/Heimdal.framework/Versions/A/Heimdal
0x00000001bc768000 	/System/Library/Frameworks/Kerberos.framework/Versions/A/Libraries/libHeimdalProxy.dylib
0x00000001b5c5d000 	/System/Library/PrivateFrameworks/CommonAuth.framework/Versions/A/CommonAuth
0x000000020c6a2000 	/System/Library/Frameworks/AVFAudio.framework/Versions/A/AVFAudio
0x00000001c3ce1000 	/System/Library/PrivateFrameworks/AXCoreUtilities.framework/Versions/A/AXCoreUtilities
0x00000001b541b000 	/System/Library/PrivateFrameworks/AudioSession.framework/Versions/A/AudioSession
0x00000001b69d2000 	/System/Library/Frameworks/IOBluetooth.framework/Versions/A/IOBluetooth
0x00000001b3324000 	/System/Library/PrivateFrameworks/MediaExperience.framework/Versions/A/MediaExperience
0x00000001b52ba000 	/System/Library/PrivateFrameworks/AudioSession.framework/libSessionUtility.dylib
0x00000001b5894000 	/System/Library/PrivateFrameworks/AudioResourceArbitration.framework/Versions/A/AudioResourceArbitration
0x00000001b98f8000 	/System/Library/PrivateFrameworks/PowerLog.framework/Versions/A/PowerLog
0x00000001b9838000 	/System/Library/Frameworks/CoreBluetooth.framework/Versions/A/CoreBluetooth
0x00000001bc769000 	/System/Library/Frameworks/AudioUnit.framework/Versions/A/AudioUnit
0x00000001b0c72000 	/System/Library/PrivateFrameworks/CoreUtils.framework/Versions/A/CoreUtils
0x0000000217581000 	/System/Library/PrivateFrameworks/CoreUtilsExtras.framework/Versions/A/CoreUtilsExtras
0x000000021c5e4000 	/System/Library/PrivateFrameworks/IO80211.framework/Versions/A/IO80211
0x00000001b3294000 	/System/Library/PrivateFrameworks/IconFoundation.framework/Versions/A/IconFoundation
0x00000001b88e7000 	/System/Library/PrivateFrameworks/SpeechRecognitionCore.framework/Versions/A/SpeechRecognitionCore
0x0000000103ce4000 	/opt/java/jdk-21.0.1.jdk/Contents/Home/lib/server/libjvm.dylib
0x0000000102c70000 	/opt/java/jdk-21.0.1.jdk/Contents/Home/lib/libjimage.dylib
0x0000000102ccc000 	/opt/java/jdk-21.0.1.jdk/Contents/Home/lib/libjdwp.dylib
0x0000000102d14000 	/opt/java/jdk-21.0.1.jdk/Contents/Home/lib/libjava.dylib
0x0000000102c9c000 	/opt/java/jdk-21.0.1.jdk/Contents/Home/lib/libinstrument.dylib
0x0000000102e2c000 	/opt/java/jdk-21.0.1.jdk/Contents/Home/lib/libdt_socket.dylib
0x0000000102e68000 	/opt/java/jdk-21.0.1.jdk/Contents/Home/lib/libzip.dylib
0x0000000102e90000 	/opt/java/jdk-21.0.1.jdk/Contents/Home/lib/libnio.dylib
0x0000000102e40000 	/opt/java/jdk-21.0.1.jdk/Contents/Home/lib/libnet.dylib
0x0000000102eb0000 	/opt/java/jdk-21.0.1.jdk/Contents/Home/lib/libmanagement.dylib
0x0000000102ec4000 	/opt/java/jdk-21.0.1.jdk/Contents/Home/lib/libmanagement_ext.dylib
0x0000000102ed8000 	/opt/java/jdk-21.0.1.jdk/Contents/Home/lib/libextnet.dylib
0x0000000102f08000 	/opt/java/jdk-21.0.1.jdk/Contents/Home/lib/libverify.dylib


VM Arguments:
jvm_args: -XX:+ShowCodeDetailsInExceptionMessages -agentlib:jdwp=transport=dt_socket,suspend=y,address=localhost:52967 -Dcom.sun.management.jmxremote -Dcom.sun.management.jmxremote.port=52966 -Dcom.sun.management.jmxremote.authenticate=false -Dcom.sun.management.jmxremote.ssl=false -Djava.rmi.server.hostname=localhost -Dspring.jmx.enabled=true -Dmanagement.endpoints.jmx.exposure.include=* -Dspring.application.admin.enabled=true -Djava.security.egd=file:/dev/./urandom -XX:TieredStopAtLevel=1 -Dspring.boot.project.name=payments -javaagent:/Applications/SpringToolSuite4.app/Contents/Eclipse/configuration/org.eclipse.osgi/255/0/.cp/lib/javaagent-shaded.jar -Dfile.encoding=UTF-8 -Dstdout.encoding=UTF-8 -Dstderr.encoding=UTF-8 
java_command: com.cheetah.payments.paypal.PaymentsWithPaypalApplication --spring.output.ansi.enabled=always
java_class_path (initial): /Users/edoardo/Documents/workspaces/joinup/payments/target/classes:/Users/edoardo/.m2/repository/org/springframework/boot/spring-boot-starter-actuator/3.2.0/spring-boot-starter-actuator-3.2.0.jar:/Users/edoardo/.m2/repository/org/springframework/boot/spring-boot-starter/3.2.0/spring-boot-starter-3.2.0.jar:/Users/edoardo/.m2/repository/org/springframework/boot/spring-boot-starter-logging/3.2.0/spring-boot-starter-logging-3.2.0.jar:/Users/edoardo/.m2/repository/ch/qos/logback/logback-classic/1.4.11/logback-classic-1.4.11.jar:/Users/edoardo/.m2/repository/ch/qos/logback/logback-core/1.4.11/logback-core-1.4.11.jar:/Users/edoardo/.m2/repository/org/apache/logging/log4j/log4j-to-slf4j/2.21.1/log4j-to-slf4j-2.21.1.jar:/Users/edoardo/.m2/repository/org/apache/logging/log4j/log4j-api/2.21.1/log4j-api-2.21.1.jar:/Users/edoardo/.m2/repository/org/slf4j/jul-to-slf4j/2.0.9/jul-to-slf4j-2.0.9.jar:/Users/edoardo/.m2/repository/org/yaml/snakeyaml/2.2/snakeyaml-2.2.jar:/Users/edoardo/.m2/repository/org/springframework/boot/spring-boot-actuator-autoconfigure/3.2.0/spring-boot-actuator-autoconfigure-3.2.0.jar:/Users/edoardo/.m2/repository/org/springframework/boot/spring-boot-actuator/3.2.0/spring-boot-actuator-3.2.0.jar:/Users/edoardo/.m2/repository/com/fasterxml/jackson/core/jackson-databind/2.15.3/jackson-databind-2.15.3.jar:/Users/edoardo/.m2/repository/com/fasterxml/jackson/core/jackson-annotations/2.15.3/jackson-annotations-2.15.3.jar:/Users/edoardo/.m2/repository/com/fasterxml/jackson/core/jackson-core/2.15.3/jackson-core-2.15.3.jar:/Users/edoardo/.m2/repository/com/fasterxml/jackson/datatype/jackson-datatype-jsr310/2.15.3/jackson-datatype-jsr310-2.15.3.jar:/Users/edoardo/.m2/repository/io/micrometer/micrometer-observation/1.12.0/micrometer-observation-1.12.0.jar:/Users/edoardo/.m2/repository/io/micrometer/micrometer-commons/1.12.0/micrometer-commons-1.12.0.jar:/Users/edoardo/.m2/repository/io/micrometer/micrometer-jakarta9/1.12.0/micrometer-jakarta9-1.12.0.jar:/Users/edoardo/.m2/repository/io/micrometer/micrometer-core/1.12.0/micrometer-core-1.12.0.jar:/Users/edoardo/.m2/repository/org/hdrhistogram/HdrHistogram/2.1.12/HdrHistogram-2.1.12.jar:/Users/edoardo/.m2/repository/org/latencyutils/LatencyUtils/2.0.3/LatencyUtils-2.0.3.jar:/Users/edoardo/.m2/repository/org/springframework/boot/spring-boot-starter-data-mongodb/3.2.0/spring-boot-starter-data-mongodb-3.2.0.jar:/Users/edoardo/.m2/repository/org/mongodb/mongodb-driver-sync/4.11.1/mongodb-driver-sync-4.11.1.jar:/Users/edoardo/.m2/repository/org/mongodb/bson/4.11.1/bson-4.11.1.jar:/Users/edoardo/.m2/repository/org/mongodb/mongodb-driver-core/4.11.1/mongodb-driver-core-4.11.1.jar:/Users/edoardo/.m2/repository/org/mongodb/bson-record-codec/4.11.1/bson-record-codec-4.11.1.jar:/Users/edoardo/.m2/repository/org/springframework/data/spring-data-mongodb/4.2.0/spring-data-mongodb-4.2.0.jar:/Users/edoardo/.m2/repository/org/springframework/spring-tx/6.1.1/spring-tx-6.1.1.jar:/Users/edoardo/.m2/repository/org/springframework/spring-context/6.1.1/spring-context-6.1.1.jar:/Users/edoardo/.m2/repository/org/springframework/spring-beans/6.1.1/spring-beans-6.1.1.jar:/Users/edoardo/.m2/repository/org/springframework/spring-expression/6.1.1/spring-expression-6.1.1.jar:/Users/edoardo/.m2/repository/org/springframework/data/spring-data-commons/3.2.0/spring-data-commons-3.2.0.jar:/Users/edoardo/.m2/repository/org/slf4j/slf4j-api/2.0.9/slf4j-api-2.0.9.jar:/Users/edoardo/.m2/repository/org/springframework/boot/spring-boot-starter-web/3.2.0/spring-boot-starter-web-3.2.0.jar:/Users/edoardo/.m2/repository/org/springframework/boot/spring-boot-starter-json/3.2.0/spring-boot-starter-json-3.2.0.jar:/Users/edoardo/.m2/repository/com/fasterxml/jackson/datatype/jackson-datatype-jdk8/2.15.3/jackson-datatype-jdk8-2.15.3.jar:/Users/edoardo/.m2/repository/com/fasterxml/jackson/module/jackson-module-parameter-names/2.15.3/jackson-module-parameter-names-2.15.3.jar:/Users/edoardo/.m2/repository/org/springframework/spring-web/6.1.1/spring-web-6.1.1.jar:/Users/edoardo/.m2/repository/org/springframework/spring-webmvc/6.1.1/spring-webmvc-6.1.1.jar:/Users/edoardo/.m2/repository/org/springframework/spring-aop/6.1.1/spring-aop-6.1.1.jar:/Users/edoardo/.m2/repository/org/springdoc/springdoc-openapi-starter-webmvc-ui/2.1.0/springdoc-openapi-starter-webmvc-ui-2.1.0.jar:/Users/edoardo/.m2/repository/org/springdoc/springdoc-openapi-starter-webmvc-api/2.1.0/springdoc-openapi-starter-webmvc-api-2.1.0.jar:/Users/edoardo/.m2/repository/org/springdoc/springdoc-openapi-starter-common/2.1.0/springdoc-openapi-starter-common-2.1.0.jar:/Users/edoardo/.m2/repository/io/swagger/core/v3/swagger-core-jakarta/2.2.9/swagger-core-jakarta-2.2.9.jar:/Users/edoardo/.m2/repository/org/apache/commons/commons-lang3/3.13.0/commons-lang3-3.13.0.jar:/Users/edoardo/.m2/repository/io/swagger/core/v3/swagger-annotations-jakarta/2.2.9/swagger-annotations-jakarta-2.2.9.jar:/Users/edoardo/.m2/repository/io/swagger/core/v3/swagger-models-jakarta/2.2.9/swagger-models-jakarta-2.2.9.jar:/Users/edoardo/.m2/repository/jakarta/validation/jakarta.validation-api/3.0.2/jakarta.validation-api-3.0.2.jar:/Users/edoardo/.m2/repository/com/fasterxml/jackson/dataformat/jackson-dataformat-yaml/2.15.3/jackson-dataformat-yaml-2.15.3.jar:/Users/edoardo/.m2/repository/org/webjars/swagger-ui/4.18.2/swagger-ui-4.18.2.jar:/Users/edoardo/.m2/repository/com/google/code/gson/gson/2.10.1/gson-2.10.1.jar:/Users/edoardo/.m2/repository/org/springframework/boot/spring-boot-devtools/3.2.0/spring-boot-devtools-3.2.0.jar:/Users/edoardo/.m2/repository/org/springframework/boot/spring-boot/3.2.0/spring-boot-3.2.0.jar:/Users/edoardo/.m2/repository/org/springframework/boot/spring-boot-autoconfigure/3.2.0/spring-boot-autoconfigure-3.2.0.jar:/Users/edoardo/.m2/repository/org/projectlombok/lombok/1.18.30/lombok-1.18.30.jar:/Users/edoardo/.m2/repository/org/springframework/boot/spring-boot-starter-tomcat/3.2.0/spring-boot-starter-tomcat-3.2.0.jar:/Users/edoardo/.m2/repository/jakarta/annotation/jakarta.annotation-api/2.1.1/jakarta.annotation-api-2.1.1.jar:/Users/edoardo/.m2/repository/org/apache/tomcat/embed/tomcat-embed-core/10.1.16/tomcat-embed-core-10.1.16.jar:/Users/edoardo/.m2/repository/org/apache/tomcat/embed/tomcat-embed-el/10.1.16/tomcat-embed-el-10.1.16.jar:/Users/edoardo/.m2/repository/org/apache/tomcat/embed/tomcat-embed-websocket/10.1.16/tomcat-embed-websocket-10.1.16.jar:/Users/edoardo/.m2/repository/jakarta/xml/bind/jakarta.xml.bind-api/4.0.1/jakarta.xml.bind-api-4.0.1.jar:/Users/edoardo/.m2/repository/jakarta/activation/jakarta.activation-api/2.1.2/jakarta.activation-api-2.1.2.jar:/Users/edoardo/.m2/repository/org/springframework/spring-core/6.1.1/spring-core-6.1.1.jar:/Users/edoardo/.m2/repository/org/springframework/spring-jcl/6.1.1/spring-jcl-6.1.1.jar
Launcher Type: SUN_STANDARD

[Global flags]
     intx CICompilerCount                          = 4                                         {product} {ergonomic}
     uint ConcGCThreads                            = 2                                         {product} {ergonomic}
     uint G1ConcRefinementThreads                  = 9                                         {product} {ergonomic}
   size_t G1HeapRegionSize                         = 8388608                                   {product} {ergonomic}
    uintx GCDrainStackTargetSize                   = 64                                        {product} {ergonomic}
   size_t InitialHeapSize                          = 1073741824                                {product} {ergonomic}
     bool ManagementServer                         = true                                      {product} {command line}
   size_t MarkStackSize                            = 4194304                                   {product} {ergonomic}
   size_t MaxHeapSize                              = 17179869184                               {product} {ergonomic}
   size_t MaxNewSize                               = 10301210624                               {product} {ergonomic}
   size_t MinHeapDeltaBytes                        = 8388608                                   {product} {ergonomic}
   size_t MinHeapSize                              = 8388608                                   {product} {ergonomic}
    uintx NonNMethodCodeHeapSize                   = 16384                                  {pd product} {ergonomic}
    uintx NonProfiledCodeHeapSize                  = 0                                      {pd product} {ergonomic}
     bool ProfileInterpreter                       = false                                  {pd product} {command line}
    uintx ProfiledCodeHeapSize                     = 0                                      {pd product} {ergonomic}
     bool ShowCodeDetailsInExceptionMessages       = true                                   {manageable} {command line}
   size_t SoftMaxHeapSize                          = 17179869184                            {manageable} {ergonomic}
     intx TieredStopAtLevel                        = 1                                         {product} {command line}
     bool UseCompressedOops                        = true                           {product lp64_product} {ergonomic}
     bool UseG1GC                                  = true                                      {product} {ergonomic}
     bool UseNUMA                                  = false                                     {product} {ergonomic}
     bool UseNUMAInterleaving                      = false                                     {product} {ergonomic}

Logging:
Log output configuration:
 #0: stdout all=warning uptime,level,tags foldmultilines=false
 #1: stderr all=off uptime,level,tags foldmultilines=false

Environment Variables:
PATH=/usr/bin:/bin:/usr/sbin:/sbin
SHELL=/bin/zsh
TMPDIR=/var/folders/48/rdw8nwbn5pv3gjkn2y7gzpb40000gn/T/

Active Locale:
LC_ALL=C
LC_COLLATE=C
LC_CTYPE=C
LC_MESSAGES=C
LC_MONETARY=C
LC_NUMERIC=C
LC_TIME=C

Signal Handlers:
   SIGSEGV: crash_handler in libjvm.dylib, mask=11100110000111110111111111111111, flags=SA_ONSTACK|SA_RESTART|SA_SIGINFO, unblocked
    SIGBUS: crash_handler in libjvm.dylib, mask=11100110000111110111111111111111, flags=SA_RESTART|SA_SIGINFO, unblocked
    SIGFPE: crash_handler in libjvm.dylib, mask=11100110000111110111111111111111, flags=SA_RESTART|SA_SIGINFO, unblocked
   SIGPIPE: javaSignalHandler in libjvm.dylib, mask=11100110000111110111111111111111, flags=SA_RESTART|SA_SIGINFO, blocked
   SIGXFSZ: javaSignalHandler in libjvm.dylib, mask=11100110000111110111111111111111, flags=SA_RESTART|SA_SIGINFO, blocked
    SIGILL: crash_handler in libjvm.dylib, mask=11100110000111110111111111111111, flags=SA_RESTART|SA_SIGINFO, unblocked
   SIGUSR2: SR_handler in libjvm.dylib, mask=00100000000000000000000000000000, flags=SA_RESTART|SA_SIGINFO, blocked
    SIGHUP: UserHandler in libjvm.dylib, mask=11100110000111110111111111111111, flags=SA_RESTART|SA_SIGINFO, blocked
    SIGINT: UserHandler in libjvm.dylib, mask=11100110000111110111111111111111, flags=SA_RESTART|SA_SIGINFO, blocked
   SIGTERM: UserHandler in libjvm.dylib, mask=11100110000111110111111111111111, flags=SA_RESTART|SA_SIGINFO, blocked
   SIGQUIT: UserHandler in libjvm.dylib, mask=11100110000111110111111111111111, flags=SA_RESTART|SA_SIGINFO, blocked
   SIGTRAP: crash_handler in libjvm.dylib, mask=11100110000111110111111111111111, flags=SA_RESTART|SA_SIGINFO, unblocked


Periodic native trim disabled

---------------  S Y S T E M  ---------------

OS:
uname: Darwin 22.5.0 Darwin Kernel Version 22.5.0: Thu Jun  8 22:22:20 PDT 2023; root:xnu-8796.121.3~7/RELEASE_ARM64_T6000 arm64
OS uptime: 132 days 4:44 hours
rlimit (soft/hard): STACK 8176k/65520k , CORE 0k/infinity , NPROC 10666/16000 , NOFILE 10240/infinity , AS infinity/infinity , CPU infinity/infinity , DATA infinity/infinity , FSIZE infinity/infinity , MEMLOCK infinity/infinity , RSS infinity/infinity
load average: 6.21 7.84 9.33

CPU: total 10 (initial active 10) 0x61:0x0:0x1b588bb3:0, fp, asimd, aes, pmull, sha1, sha256, crc32, lse, sha3, sha512
machdep.cpu.brand_string:Apple M1 Max
hw.cachelinesize:128
hw.l1icachesize:131072
hw.l1dcachesize:65536
hw.l2cachesize:4194304

Memory: 16k page, physical 67108864k(75728k free), swap 12582912k(1572992k free)

vm_info: Java HotSpot(TM) 64-Bit Server VM (21.0.1+12-LTS-29) for bsd-aarch64 JRE (21.0.1+12-LTS-29), built on 2023-10-05T13:27:09Z by "mach5one" with clang Apple LLVM 12.0.0 (clang-1200.0.32.29)

END.
